#
# There is insufficient memory for the Java Runtime Environment to continue.
# Native memory allocation (malloc) failed to allocate 32784 bytes for Chunk::new
# Possible reasons:
#   The system is out of physical RAM or swap space
#   The process is running with CompressedOops enabled, and the Java Heap may be blocking the growth of the native heap
# Possible solutions:
#   Reduce memory load on the system
#   Increase physical memory or swap space
#   Check if swap backing store is full
#   Decrease Java heap size (-Xmx/-Xms)
#   Decrease number of Java threads
#   Decrease Java thread stack sizes (-Xss)
#   Set larger code cache with -XX:ReservedCodeCacheSize=
#   JVM is running with Unscaled Compressed Oops mode in which the Java heap is
#     placed in the first 4GB address space. The Java Heap base address is the
#     maximum limit for the native heap growth. Please use -XX:HeapBaseMinAddress
#     to set the Java Heap base and to place the Java Heap above 4GB virtual address.
# This output file may be truncated or incomplete.
#
#  Out of Memory Error (arena.cpp:168), pid=1276, tid=12284
#
# JRE version: Java(TM) SE Runtime Environment (21.0.1+12) (build 21.0.1+12-LTS-29)
# Java VM: Java HotSpot(TM) 64-Bit Server VM (21.0.1+12-LTS-29, mixed mode, sharing, tiered, compressed oops, compressed class ptrs, g1 gc, windows-amd64)
# No core dump will be written. Minidumps are not enabled by default on client versions of Windows
#

---------------  S U M M A R Y ------------

Command Line: -XX:CompileCommand=exclude org.eclipse.jdt.internal.core.dom.rewrite.ASTRewriteAnalyzer::getExtendedRange -Dorg.eclipse.ecf.provider.filetransfer.excludeContributors=org.eclipse.ecf.provider.filetransfer.httpclientjava -Dosgi.requiredJavaVersion=21 -Dosgi.instance.area.default=@user.home/eclipse-workspace -Dosgi.dataAreaRequiresExplicitInit=true -Dorg.eclipse.swt.graphics.Resource.reportNonDisposed=true -Declipse.e4.inject.javax.warning=false -XX:+UseG1GC -XX:+UseStringDeduplication --add-modules=ALL-SYSTEM -Djavax.net.ssl.trustStoreType=Windows-ROOT -Djavax.net.ssl.trustStore=NONE -Declipse.p2.max.threads=10 -Doomph.update.url=https://download.eclipse.org/oomph/updates/milestone/latest -Doomph.redirection.index.redirection=index:/->https://raw.githubusercontent.com/eclipse-oomph/oomph/master/setups/ C:\\Users\\Administrator\\eclipse\\java-2025-06\\eclipse\\\\plugins/org.eclipse.equinox.launcher_1.7.0.v20250519-0528.jar -os win32 -ws win32 -arch x86_64 -showsplash C:\\Users\\Administrator\\.p2\\pool\\plugins\\org.eclipse.epp.package.common_4.36.0.20250605-1300\\splash.bmp -launcher C:\\Users\\Administrator\\eclipse\\java-2025-06\\eclipse\\eclipse.exe -name Eclipse --launcher.library C:\\Users\\Administrator\\.p2\\pool\\plugins\\org.eclipse.equinox.launcher.win32.win32.x86_64_1.2.1300.v20250331-1702\\eclipse_11911.dll -startup C:\\Users\\Administrator\\eclipse\\java-2025-06\\eclipse\\\\plugins/org.eclipse.equinox.launcher_1.7.0.v20250519-0528.jar --launcher.appendVmargs -exitdata 1974_160 -product org.eclipse.epp.package.java.product -vm C:\\Program Files\\Common Files\\Oracle\\Java\\javapath\\javaw.exe -vmargs -XX:CompileCommand=exclude org.eclipse.jdt.internal.core.dom.rewrite.ASTRewriteAnalyzer::getExtendedRange -Dorg.eclipse.ecf.provider.filetransfer.excludeContributors=org.eclipse.ecf.provider.filetransfer.httpclientjava -Dosgi.requiredJavaVersion=21 -Dosgi.instance.area.default=@user.home/eclipse-workspace -Dosgi.dataAreaRequiresExplicitInit=true -Dorg.eclipse.swt.graphics.Resource.reportNonDisposed=true -Declipse.e4.inject.javax.warning=false -Dsun.java.command=Eclipse -XX:+UseG1GC -XX:+UseStringDeduplication --add-modules=ALL-SYSTEM -Djavax.net.ssl.trustStoreType=Windows-ROOT -Djavax.net.ssl.trustStore=NONE -Declipse.p2.max.threads=10 -Doomph.update.url=https://download.eclipse.org/oomph/updates/milestone/latest -Doomph.redirection.index.redirection=index:/->https://raw.githubusercontent.com/eclipse-oomph/oomph/master/setups/ -jar C:\\Users\\Administrator\\eclipse\\java-2025-06\\eclipse\\\\plugins/org.eclipse.equinox.launcher_1.7.0.v20250519-0528.jar

Host: Intel(R) Xeon(R) CPU E5-2698 v4 @ 2.20GHz, 2 cores, 3G,  Windows 10 , 64 bit Build 19041 (10.0.19041.4842)
Time: Mon Aug  4 07:06:25 2025 Mountain Daylight Time elapsed time: 74.814388 seconds (0d 0h 1m 14s)

---------------  T H R E A D  ---------------

Current thread (0x000001935dbe52a0):  JavaThread "C2 CompilerThread0" daemon [_thread_in_native, id=12284, stack(0x0000002bb4000000,0x0000002bb4100000) (1024K)]


Current CompileTask:
C2:  74815 15388       4       java.util.HashMap::computeIfAbsent (330 bytes)

Stack: [0x0000002bb4000000,0x0000002bb4100000]
Native frames: (J=compiled Java code, j=interpreted, Vv=VM code, C=native code)
V  [jvm.dll+0x6c9029]
V  [jvm.dll+0x854b81]
V  [jvm.dll+0x856e5e]
V  [jvm.dll+0x857543]
V  [jvm.dll+0x280c06]
V  [jvm.dll+0xc3ead]
V  [jvm.dll+0xc43c3]
V  [jvm.dll+0xc3fd5]
V  [jvm.dll+0x6a5c9c]
V  [jvm.dll+0x251309]
V  [jvm.dll+0x6ee887]
V  [jvm.dll+0x248dd7]
V  [jvm.dll+0x1c9ca1]
V  [jvm.dll+0x2586b9]
V  [jvm.dll+0x256c9a]
V  [jvm.dll+0x3ef1b6]
V  [jvm.dll+0x7fd728]
V  [jvm.dll+0x6c777d]
C  [ucrtbase.dll+0x21bb2]
C  [KERNEL32.DLL+0x17374]
C  [ntdll.dll+0x4cc91]


---------------  P R O C E S S  ---------------

Threads class SMR info:
_java_thread_list=0x0000019371bb1380, length=44, elements={
0x0000019341403940, 0x000001935dbd8a70, 0x000001935dbda2e0, 0x000001935dbde370,
0x000001935dbe22f0, 0x000001935dbe2d50, 0x000001935dbe37b0, 0x000001935dbe52a0,
0x000001935dc02470, 0x000001935dc29b20, 0x00000193620978f0, 0x00000193621acc40,
0x00000193628d9b10, 0x00000193627aa240, 0x0000019362a80460, 0x0000019364a8a010,
0x00000193645f4c80, 0x00000193648254e0, 0x00000193648226f0, 0x0000019364822060,
0x00000193648247c0, 0x0000019364824e50, 0x0000019364824130, 0x0000019365ed98c0,
0x0000019365ed3650, 0x0000019365ed5720, 0x0000019365ed4370, 0x0000019365ed9f50,
0x0000019365ed7160, 0x0000019365ed2fc0, 0x0000019365eda5e0, 0x0000019365ed3ce0,
0x0000019365ed7e80, 0x0000019365ed6440, 0x0000019365ed6ad0, 0x0000019365ed8510,
0x0000019365ed8ba0, 0x0000019365ed9230, 0x0000019364822d80, 0x000001936465de70,
0x0000019366ca4860, 0x0000019366ca41d0, 0x0000019366ca4ef0, 0x0000019366ca2100
}

Java Threads: ( => current thread )
  0x0000019341403940 JavaThread "main"                              [_thread_in_native, id=11484, stack(0x0000002bb3200000,0x0000002bb3300000) (1024K)]
  0x000001935dbd8a70 JavaThread "Reference Handler"          daemon [_thread_blocked, id=12160, stack(0x0000002bb3a00000,0x0000002bb3b00000) (1024K)]
  0x000001935dbda2e0 JavaThread "Finalizer"                  daemon [_thread_blocked, id=8040, stack(0x0000002bb3b00000,0x0000002bb3c00000) (1024K)]
  0x000001935dbde370 JavaThread "Signal Dispatcher"          daemon [_thread_blocked, id=5068, stack(0x0000002bb3c00000,0x0000002bb3d00000) (1024K)]
  0x000001935dbe22f0 JavaThread "Attach Listener"            daemon [_thread_blocked, id=13016, stack(0x0000002bb3d00000,0x0000002bb3e00000) (1024K)]
  0x000001935dbe2d50 JavaThread "Service Thread"             daemon [_thread_blocked, id=7592, stack(0x0000002bb3e00000,0x0000002bb3f00000) (1024K)]
  0x000001935dbe37b0 JavaThread "Monitor Deflation Thread"   daemon [_thread_blocked, id=9264, stack(0x0000002bb3f00000,0x0000002bb4000000) (1024K)]
=>0x000001935dbe52a0 JavaThread "C2 CompilerThread0"         daemon [_thread_in_native, id=12284, stack(0x0000002bb4000000,0x0000002bb4100000) (1024K)]
  0x000001935dc02470 JavaThread "C1 CompilerThread0"         daemon [_thread_blocked, id=2612, stack(0x0000002bb4100000,0x0000002bb4200000) (1024K)]
  0x000001935dc29b20 JavaThread "StringDedupThread"          daemon [_thread_blocked, id=11584, stack(0x0000002bb4200000,0x0000002bb4300000) (1024K)]
  0x00000193620978f0 JavaThread "Common-Cleaner"             daemon [_thread_blocked, id=10020, stack(0x0000002bb4300000,0x0000002bb4400000) (1024K)]
  0x00000193621acc40 JavaThread "Notification Thread"        daemon [_thread_blocked, id=6732, stack(0x0000002bb4400000,0x0000002bb4500000) (1024K)]
  0x00000193628d9b10 JavaThread "Active Thread: Equinox Container: 8d421c2c-d88a-4534-9a5f-830dfda147cb"        [_thread_blocked, id=1320, stack(0x0000002bb4600000,0x0000002bb4700000) (1024K)]
  0x00000193627aa240 JavaThread "Framework Event Dispatcher: Equinox Container: 8d421c2c-d88a-4534-9a5f-830dfda147cb" daemon [_thread_blocked, id=11844, stack(0x0000002bb4700000,0x0000002bb4800000) (1024K)]
  0x0000019362a80460 JavaThread "Start Level: Equinox Container: 8d421c2c-d88a-4534-9a5f-830dfda147cb" daemon [_thread_blocked, id=2124, stack(0x0000002bb4800000,0x0000002bb4900000) (1024K)]
  0x0000019364a8a010 JavaThread "Bundle File Closer"         daemon [_thread_blocked, id=3668, stack(0x0000002bb4900000,0x0000002bb4a00000) (1024K)]
  0x00000193645f4c80 JavaThread "SCR Component Actor"        daemon [_thread_blocked, id=13192, stack(0x0000002bb4a00000,0x0000002bb4b00000) (1024K)]
  0x00000193648254e0 JavaThread "EMF Reference Cleaner"      daemon [_thread_blocked, id=2808, stack(0x0000002bb4c00000,0x0000002bb4d00000) (1024K)]
  0x00000193648226f0 JavaThread "Worker-JM"                         [_thread_blocked, id=9464, stack(0x0000002bb4e00000,0x0000002bb4f00000) (1024K)]
  0x0000019364822060 JavaThread "Gogo shell"                        [_thread_blocked, id=12220, stack(0x0000002bb5000000,0x0000002bb5100000) (1024K)]
  0x00000193648247c0 JavaThread "SWTResourceTracker"         daemon [_thread_blocked, id=10256, stack(0x0000002bb5100000,0x0000002bb5200000) (1024K)]
  0x0000019364824e50 JavaThread "JNA Cleaner"                daemon [_thread_blocked, id=2672, stack(0x0000002bb5700000,0x0000002bb5800000) (1024K)]
  0x0000019364824130 JavaThread "Worker-0"                          [_thread_blocked, id=9540, stack(0x0000002bb5800000,0x0000002bb5900000) (1024K)]
  0x0000019365ed98c0 JavaThread "Git Repository Closer"      daemon [_thread_blocked, id=4744, stack(0x0000002bb5900000,0x0000002bb5a00000) (1024K)]
  0x0000019365ed3650 JavaThread "logback-1"                  daemon [_thread_blocked, id=7040, stack(0x0000002bb5a00000,0x0000002bb5b00000) (1024K)]
  0x0000019365ed5720 JavaThread "Java2D Disposer"            daemon [_thread_blocked, id=10612, stack(0x0000002bb4d00000,0x0000002bb4e00000) (1024K)]
  0x0000019365ed4370 JavaThread "AWT-Windows"                daemon [_thread_in_native, id=6076, stack(0x0000002bb5c00000,0x0000002bb5d00000) (1024K)]
  0x0000019365ed9f50 JavaThread "EventQueueMonitor-ComponentEvtDispatch" daemon [_thread_blocked, id=9108, stack(0x0000002bb5d00000,0x0000002bb5e00000) (1024K)]
  0x0000019365ed7160 JavaThread "Thread-7"                   daemon [_thread_in_native, id=7488, stack(0x0000002bb5e00000,0x0000002bb5f00000) (1024K)]
  0x0000019365ed2fc0 JavaThread "Java indexing"              daemon [_thread_blocked, id=8084, stack(0x0000002bb4b00000,0x0000002bb4c00000) (1024K)]
  0x0000019365eda5e0 JavaThread "EventAdmin Async Event Dispatcher Thread" daemon [_thread_blocked, id=12472, stack(0x0000002bb5b00000,0x0000002bb5c00000) (1024K)]
  0x0000019365ed3ce0 JavaThread "Worker-1"                          [_thread_blocked, id=11540, stack(0x0000002bb6000000,0x0000002bb6100000) (1024K)]
  0x0000019365ed7e80 JavaThread "Worker-2"                          [_thread_blocked, id=7116, stack(0x0000002bb6100000,0x0000002bb6200000) (1024K)]
  0x0000019365ed6440 JavaThread "Worker-3"                          [_thread_blocked, id=10784, stack(0x0000002bb6200000,0x0000002bb6300000) (1024K)]
  0x0000019365ed6ad0 JavaThread "Worker-4"                          [_thread_blocked, id=11460, stack(0x0000002bb6300000,0x0000002bb6400000) (1024K)]
  0x0000019365ed8510 JavaThread "pool-3-thread-1"                   [_thread_blocked, id=11860, stack(0x0000002bb6400000,0x0000002bb6500000) (1024K)]
  0x0000019365ed8ba0 JavaThread "pool-4-thread-1"                   [_thread_blocked, id=9128, stack(0x0000002bb6500000,0x0000002bb6600000) (1024K)]
  0x0000019365ed9230 JavaThread "Worker-5"                          [_thread_blocked, id=13000, stack(0x0000002bb6600000,0x0000002bb6700000) (1024K)]
  0x0000019364822d80 JavaThread "Worker-6"                          [_thread_blocked, id=6476, stack(0x0000002bb6a00000,0x0000002bb6b00000) (1024K)]
  0x000001936465de70 JavaThread "Worker-7"                          [_thread_blocked, id=4220, stack(0x0000002bb6b00000,0x0000002bb6c00000) (1024K)]
  0x0000019366ca4860 JavaThread "Worker-8"                          [_thread_blocked, id=6120, stack(0x0000002bb6c00000,0x0000002bb6d00000) (1024K)]
  0x0000019366ca41d0 JavaThread "Provisioning Event Dispatcher" daemon [_thread_blocked, id=8280, stack(0x0000002bb6d00000,0x0000002bb6e00000) (1024K)]
  0x0000019366ca4ef0 JavaThread "Thread-10"                         [_thread_blocked, id=9756, stack(0x0000002bb6700000,0x0000002bb6800000) (1024K)]
  0x0000019366ca2100 JavaThread "logback-2"                  daemon [_thread_blocked, id=4628, stack(0x0000002bb5200000,0x0000002bb5300000) (1024K)]
Total: 44

Other Threads:
  0x00000193414b8d20 VMThread "VM Thread"                           [id=9328, stack(0x0000002bb3900000,0x0000002bb3a00000) (1024K)]
  0x000001935dbcdb60 WatcherThread "VM Periodic Task Thread"        [id=8896, stack(0x0000002bb3800000,0x0000002bb3900000) (1024K)]
  0x0000019341439e20 WorkerThread "GC Thread#0"                     [id=5336, stack(0x0000002bb3300000,0x0000002bb3400000) (1024K)]
  0x00000193623c7e20 WorkerThread "GC Thread#1"                     [id=10904, stack(0x0000002bb4500000,0x0000002bb4600000) (1024K)]
  0x0000019341442d10 ConcurrentGCThread "G1 Main Marker"            [id=8396, stack(0x0000002bb3400000,0x0000002bb3500000) (1024K)]
  0x0000019341444c80 WorkerThread "G1 Conc#0"                       [id=5752, stack(0x0000002bb3500000,0x0000002bb3600000) (1024K)]
  0x000001934148eab0 ConcurrentGCThread "G1 Refine#0"               [id=11200, stack(0x0000002bb3600000,0x0000002bb3700000) (1024K)]
  0x000001934148fe80 ConcurrentGCThread "G1 Service"                [id=1400, stack(0x0000002bb3700000,0x0000002bb3800000) (1024K)]
Total: 8

Threads with active compile tasks:
C2 CompilerThread0    74921 15388       4       java.util.HashMap::computeIfAbsent (330 bytes)
Total: 1

VM state: not at safepoint (normal execution)

VM Mutex/Monitor currently owned by a thread: None

Heap address: 0x00000000c0000000, size: 1024 MB, Compressed Oops mode: 32-bit

CDS archive(s) mapped at: [0x0000019300000000-0x0000019300c90000-0x0000019300c90000), size 13172736, SharedBaseAddress: 0x0000019300000000, ArchiveRelocationMode: 1.
Compressed class space mapped at: 0x0000019301000000-0x0000019341000000, reserved size: 1073741824
Narrow klass base: 0x0000019300000000, Narrow klass shift: 0, Narrow klass range: 0x100000000

GC Precious Log:
 CardTable entry size: 512
 Card Set container configuration: InlinePtr #cards 5 size 8 Array Of Cards #cards 12 size 40 Howl #buckets 4 coarsen threshold 1843 Howl Bitmap #cards 512 size 80 coarsen threshold 460 Card regions per heap region 1 cards per card region 2048
 CPUs: 2 total, 2 available
 Memory: 4095M
 Large Page Support: Disabled
 NUMA Support: Disabled
 Compressed Oops: Enabled (32-bit)
 Heap Region Size: 1M
 Heap Min Capacity: 8M
 Heap Initial Capacity: 64M
 Heap Max Capacity: 1G
 Pre-touch: Disabled
 Parallel Workers: 2
 Concurrent Workers: 1
 Concurrent Refinement Workers: 2
 Periodic GC: Disabled
 String Deduplication is enabled

Heap:
 garbage-first heap   total 245760K, used 216620K [0x00000000c0000000, 0x0000000100000000)
  region size 1024K, 117 young (119808K), 7 survivors (7168K)
 Metaspace       used 105108K, committed 108160K, reserved 1179648K
  class space    used 12420K, committed 13696K, reserved 1048576K

Heap Regions: E=young(eden), S=young(survivor), O=old, HS=humongous(starts), HC=humongous(continues), CS=collection set, F=free, TAMS=top-at-mark-start, PB=parsable bottom
|   0|0x00000000c0000000, 0x00000000c0100000, 0x00000000c0100000|100%| O|  |TAMS 0x00000000c0000000| PB 0x00000000c0000000| Untracked 
|   1|0x00000000c0100000, 0x00000000c0200000, 0x00000000c0200000|100%| O|  |TAMS 0x00000000c0100000| PB 0x00000000c0100000| Untracked 
|   2|0x00000000c0200000, 0x00000000c0300000, 0x00000000c0300000|100%| O|  |TAMS 0x00000000c0200000| PB 0x00000000c0200000| Untracked 
|   3|0x00000000c0300000, 0x00000000c0400000, 0x00000000c0400000|100%| O|  |TAMS 0x00000000c0300000| PB 0x00000000c0300000| Untracked 
|   4|0x00000000c0400000, 0x00000000c0500000, 0x00000000c0500000|100%| O|  |TAMS 0x00000000c0400000| PB 0x00000000c0400000| Untracked 
|   5|0x00000000c0500000, 0x00000000c0600000, 0x00000000c0600000|100%| O|  |TAMS 0x00000000c0500000| PB 0x00000000c0500000| Untracked 
|   6|0x00000000c0600000, 0x00000000c0700000, 0x00000000c0700000|100%| O|  |TAMS 0x00000000c0600000| PB 0x00000000c0600000| Untracked 
|   7|0x00000000c0700000, 0x00000000c0800000, 0x00000000c0800000|100%| O|  |TAMS 0x00000000c0700000| PB 0x00000000c0700000| Untracked 
|   8|0x00000000c0800000, 0x00000000c0900000, 0x00000000c0900000|100%| O|Cm|TAMS 0x00000000c0800000| PB 0x00000000c0800000| Complete 
|   9|0x00000000c0900000, 0x00000000c0a00000, 0x00000000c0a00000|100%| O|  |TAMS 0x00000000c0900000| PB 0x00000000c0900000| Untracked 
|  10|0x00000000c0a00000, 0x00000000c0b00000, 0x00000000c0b00000|100%| O|  |TAMS 0x00000000c0a00000| PB 0x00000000c0a00000| Untracked 
|  11|0x00000000c0b00000, 0x00000000c0c00000, 0x00000000c0c00000|100%| O|  |TAMS 0x00000000c0b00000| PB 0x00000000c0b00000| Untracked 
|  12|0x00000000c0c00000, 0x00000000c0d00000, 0x00000000c0d00000|100%| O|  |TAMS 0x00000000c0c00000| PB 0x00000000c0c00000| Untracked 
|  13|0x00000000c0d00000, 0x00000000c0e00000, 0x00000000c0e00000|100%| O|  |TAMS 0x00000000c0d00000| PB 0x00000000c0d00000| Untracked 
|  14|0x00000000c0e00000, 0x00000000c0f00000, 0x00000000c0f00000|100%|HS|  |TAMS 0x00000000c0e00000| PB 0x00000000c0e00000| Complete 
|  15|0x00000000c0f00000, 0x00000000c1000000, 0x00000000c1000000|100%| O|  |TAMS 0x00000000c0f00000| PB 0x00000000c0f00000| Untracked 
|  16|0x00000000c1000000, 0x00000000c1100000, 0x00000000c1100000|100%| O|  |TAMS 0x00000000c1000000| PB 0x00000000c1000000| Untracked 
|  17|0x00000000c1100000, 0x00000000c1200000, 0x00000000c1200000|100%| O|  |TAMS 0x00000000c1100000| PB 0x00000000c1100000| Untracked 
|  18|0x00000000c1200000, 0x00000000c1300000, 0x00000000c1300000|100%| O|  |TAMS 0x00000000c1200000| PB 0x00000000c1200000| Untracked 
|  19|0x00000000c1300000, 0x00000000c1400000, 0x00000000c1400000|100%| O|  |TAMS 0x00000000c1300000| PB 0x00000000c1300000| Untracked 
|  20|0x00000000c1400000, 0x00000000c1500000, 0x00000000c1500000|100%| O|  |TAMS 0x00000000c1400000| PB 0x00000000c1400000| Untracked 
|  21|0x00000000c1500000, 0x00000000c1600000, 0x00000000c1600000|100%| O|  |TAMS 0x00000000c1500000| PB 0x00000000c1500000| Untracked 
|  22|0x00000000c1600000, 0x00000000c1700000, 0x00000000c1700000|100%| O|  |TAMS 0x00000000c1600000| PB 0x00000000c1600000| Untracked 
|  23|0x00000000c1700000, 0x00000000c1800000, 0x00000000c1800000|100%| O|Cm|TAMS 0x00000000c1700000| PB 0x00000000c1700000| Complete 
|  24|0x00000000c1800000, 0x00000000c1900000, 0x00000000c1900000|100%| O|  |TAMS 0x00000000c1800000| PB 0x00000000c1800000| Untracked 
|  25|0x00000000c1900000, 0x00000000c1a00000, 0x00000000c1a00000|100%| O|  |TAMS 0x00000000c1900000| PB 0x00000000c1900000| Untracked 
|  26|0x00000000c1a00000, 0x00000000c1b00000, 0x00000000c1b00000|100%|HS|  |TAMS 0x00000000c1a00000| PB 0x00000000c1a00000| Complete 
|  27|0x00000000c1b00000, 0x00000000c1c00000, 0x00000000c1c00000|100%|HS|  |TAMS 0x00000000c1b00000| PB 0x00000000c1b00000| Complete 
|  28|0x00000000c1c00000, 0x00000000c1d00000, 0x00000000c1d00000|100%| O|  |TAMS 0x00000000c1c00000| PB 0x00000000c1c00000| Untracked 
|  29|0x00000000c1d00000, 0x00000000c1e00000, 0x00000000c1e00000|100%| O|  |TAMS 0x00000000c1d00000| PB 0x00000000c1d00000| Untracked 
|  30|0x00000000c1e00000, 0x00000000c1f00000, 0x00000000c1f00000|100%| O|  |TAMS 0x00000000c1e00000| PB 0x00000000c1e00000| Untracked 
|  31|0x00000000c1f00000, 0x00000000c2000000, 0x00000000c2000000|100%| O|  |TAMS 0x00000000c1f00000| PB 0x00000000c1f00000| Untracked 
|  32|0x00000000c2000000, 0x00000000c2100000, 0x00000000c2100000|100%| O|  |TAMS 0x00000000c2000000| PB 0x00000000c2000000| Untracked 
|  33|0x00000000c2100000, 0x00000000c2200000, 0x00000000c2200000|100%| O|  |TAMS 0x00000000c2100000| PB 0x00000000c2100000| Untracked 
|  34|0x00000000c2200000, 0x00000000c2300000, 0x00000000c2300000|100%| O|  |TAMS 0x00000000c2200000| PB 0x00000000c2200000| Untracked 
|  35|0x00000000c2300000, 0x00000000c2400000, 0x00000000c2400000|100%| O|  |TAMS 0x00000000c2300000| PB 0x00000000c2300000| Untracked 
|  36|0x00000000c2400000, 0x00000000c2500000, 0x00000000c2500000|100%| O|  |TAMS 0x00000000c2400000| PB 0x00000000c2400000| Untracked 
|  37|0x00000000c2500000, 0x00000000c2600000, 0x00000000c2600000|100%| O|  |TAMS 0x00000000c2500000| PB 0x00000000c2500000| Untracked 
|  38|0x00000000c2600000, 0x00000000c2700000, 0x00000000c2700000|100%| O|  |TAMS 0x00000000c2600000| PB 0x00000000c2600000| Untracked 
|  39|0x00000000c2700000, 0x00000000c2800000, 0x00000000c2800000|100%| O|  |TAMS 0x00000000c2700000| PB 0x00000000c2700000| Untracked 
|  40|0x00000000c2800000, 0x00000000c2900000, 0x00000000c2900000|100%| O|  |TAMS 0x00000000c2800000| PB 0x00000000c2800000| Untracked 
|  41|0x00000000c2900000, 0x00000000c2a00000, 0x00000000c2a00000|100%| O|  |TAMS 0x00000000c2900000| PB 0x00000000c2900000| Untracked 
|  42|0x00000000c2a00000, 0x00000000c2b00000, 0x00000000c2b00000|100%| O|  |TAMS 0x00000000c2a00000| PB 0x00000000c2a00000| Untracked 
|  43|0x00000000c2b00000, 0x00000000c2c00000, 0x00000000c2c00000|100%| O|  |TAMS 0x00000000c2b00000| PB 0x00000000c2b00000| Untracked 
|  44|0x00000000c2c00000, 0x00000000c2d00000, 0x00000000c2d00000|100%| O|  |TAMS 0x00000000c2c00000| PB 0x00000000c2c00000| Untracked 
|  45|0x00000000c2d00000, 0x00000000c2e00000, 0x00000000c2e00000|100%| O|  |TAMS 0x00000000c2d00000| PB 0x00000000c2d00000| Untracked 
|  46|0x00000000c2e00000, 0x00000000c2e00000, 0x00000000c2f00000|  0%| F|  |TAMS 0x00000000c2e00000| PB 0x00000000c2e00000| Untracked 
|  47|0x00000000c2f00000, 0x00000000c3000000, 0x00000000c3000000|100%| O|  |TAMS 0x00000000c2f00000| PB 0x00000000c2f00000| Untracked 
|  48|0x00000000c3000000, 0x00000000c3100000, 0x00000000c3100000|100%| O|Cm|TAMS 0x00000000c3000000| PB 0x00000000c3000000| Complete 
|  49|0x00000000c3100000, 0x00000000c3200000, 0x00000000c3200000|100%| O|  |TAMS 0x00000000c3100000| PB 0x00000000c3100000| Untracked 
|  50|0x00000000c3200000, 0x00000000c3300000, 0x00000000c3300000|100%| O|  |TAMS 0x00000000c3200000| PB 0x00000000c3200000| Untracked 
|  51|0x00000000c3300000, 0x00000000c3400000, 0x00000000c3400000|100%|HS|  |TAMS 0x00000000c3300000| PB 0x00000000c3300000| Complete 
|  52|0x00000000c3400000, 0x00000000c3500000, 0x00000000c3500000|100%|HC|  |TAMS 0x00000000c3400000| PB 0x00000000c3400000| Complete 
|  53|0x00000000c3500000, 0x00000000c3600000, 0x00000000c3600000|100%|HS|  |TAMS 0x00000000c3500000| PB 0x00000000c3500000| Complete 
|  54|0x00000000c3600000, 0x00000000c3600000, 0x00000000c3700000|  0%| F|  |TAMS 0x00000000c3600000| PB 0x00000000c3600000| Untracked 
|  55|0x00000000c3700000, 0x00000000c3800000, 0x00000000c3800000|100%| O|  |TAMS 0x00000000c3700000| PB 0x00000000c3700000| Untracked 
|  56|0x00000000c3800000, 0x00000000c3900000, 0x00000000c3900000|100%|HS|  |TAMS 0x00000000c3800000| PB 0x00000000c3800000| Complete 
|  57|0x00000000c3900000, 0x00000000c3a00000, 0x00000000c3a00000|100%| O|  |TAMS 0x00000000c3900000| PB 0x00000000c3900000| Untracked 
|  58|0x00000000c3a00000, 0x00000000c3b00000, 0x00000000c3b00000|100%| O|  |TAMS 0x00000000c3a00000| PB 0x00000000c3a00000| Untracked 
|  59|0x00000000c3b00000, 0x00000000c3c00000, 0x00000000c3c00000|100%|HS|  |TAMS 0x00000000c3b00000| PB 0x00000000c3b00000| Complete 
|  60|0x00000000c3c00000, 0x00000000c3d00000, 0x00000000c3d00000|100%| O|  |TAMS 0x00000000c3c00000| PB 0x00000000c3c00000| Untracked 
|  61|0x00000000c3d00000, 0x00000000c3e00000, 0x00000000c3e00000|100%| O|  |TAMS 0x00000000c3d00000| PB 0x00000000c3d00000| Untracked 
|  62|0x00000000c3e00000, 0x00000000c3f00000, 0x00000000c3f00000|100%| O|  |TAMS 0x00000000c3e00000| PB 0x00000000c3e00000| Untracked 
|  63|0x00000000c3f00000, 0x00000000c4000000, 0x00000000c4000000|100%| O|  |TAMS 0x00000000c3f00000| PB 0x00000000c3f00000| Untracked 
|  64|0x00000000c4000000, 0x00000000c4000000, 0x00000000c4100000|  0%| F|  |TAMS 0x00000000c4000000| PB 0x00000000c4000000| Untracked 
|  65|0x00000000c4100000, 0x00000000c4200000, 0x00000000c4200000|100%| O|  |TAMS 0x00000000c4100000| PB 0x00000000c4100000| Untracked 
|  66|0x00000000c4200000, 0x00000000c4300000, 0x00000000c4300000|100%| O|  |TAMS 0x00000000c4200000| PB 0x00000000c4200000| Untracked 
|  67|0x00000000c4300000, 0x00000000c4400000, 0x00000000c4400000|100%| O|  |TAMS 0x00000000c4300000| PB 0x00000000c4300000| Untracked 
|  68|0x00000000c4400000, 0x00000000c4500000, 0x00000000c4500000|100%|HS|  |TAMS 0x00000000c4400000| PB 0x00000000c4400000| Complete 
|  69|0x00000000c4500000, 0x00000000c4600000, 0x00000000c4600000|100%|HC|  |TAMS 0x00000000c4500000| PB 0x00000000c4500000| Complete 
|  70|0x00000000c4600000, 0x00000000c4700000, 0x00000000c4700000|100%|HC|  |TAMS 0x00000000c4600000| PB 0x00000000c4600000| Complete 
|  71|0x00000000c4700000, 0x00000000c4800000, 0x00000000c4800000|100%| O|  |TAMS 0x00000000c4700000| PB 0x00000000c4700000| Untracked 
|  72|0x00000000c4800000, 0x00000000c4900000, 0x00000000c4900000|100%| O|  |TAMS 0x00000000c4800000| PB 0x00000000c4800000| Untracked 
|  73|0x00000000c4900000, 0x00000000c4a00000, 0x00000000c4a00000|100%| O|  |TAMS 0x00000000c4900000| PB 0x00000000c4900000| Untracked 
|  74|0x00000000c4a00000, 0x00000000c4b00000, 0x00000000c4b00000|100%|HS|  |TAMS 0x00000000c4a00000| PB 0x00000000c4a00000| Complete 
|  75|0x00000000c4b00000, 0x00000000c4c00000, 0x00000000c4c00000|100%|HC|  |TAMS 0x00000000c4b00000| PB 0x00000000c4b00000| Complete 
|  76|0x00000000c4c00000, 0x00000000c4d00000, 0x00000000c4d00000|100%|HS|  |TAMS 0x00000000c4c00000| PB 0x00000000c4c00000| Complete 
|  77|0x00000000c4d00000, 0x00000000c4e00000, 0x00000000c4e00000|100%|HC|  |TAMS 0x00000000c4d00000| PB 0x00000000c4d00000| Complete 
|  78|0x00000000c4e00000, 0x00000000c4f00000, 0x00000000c4f00000|100%|HS|  |TAMS 0x00000000c4e00000| PB 0x00000000c4e00000| Complete 
|  79|0x00000000c4f00000, 0x00000000c5000000, 0x00000000c5000000|100%|HC|  |TAMS 0x00000000c4f00000| PB 0x00000000c4f00000| Complete 
|  80|0x00000000c5000000, 0x00000000c5100000, 0x00000000c5100000|100%|HC|  |TAMS 0x00000000c5000000| PB 0x00000000c5000000| Complete 
|  81|0x00000000c5100000, 0x00000000c5200000, 0x00000000c5200000|100%|HS|  |TAMS 0x00000000c5100000| PB 0x00000000c5100000| Complete 
|  82|0x00000000c5200000, 0x00000000c5300000, 0x00000000c5300000|100%|HC|  |TAMS 0x00000000c5200000| PB 0x00000000c5200000| Complete 
|  83|0x00000000c5300000, 0x00000000c5400000, 0x00000000c5400000|100%| O|  |TAMS 0x00000000c5300000| PB 0x00000000c5300000| Untracked 
|  84|0x00000000c5400000, 0x00000000c5500000, 0x00000000c5500000|100%| O|  |TAMS 0x00000000c5400000| PB 0x00000000c5400000| Untracked 
|  85|0x00000000c5500000, 0x00000000c5600000, 0x00000000c5600000|100%|HS|  |TAMS 0x00000000c5500000| PB 0x00000000c5500000| Complete 
|  86|0x00000000c5600000, 0x00000000c5700000, 0x00000000c5700000|100%|HC|  |TAMS 0x00000000c5600000| PB 0x00000000c5600000| Complete 
|  87|0x00000000c5700000, 0x00000000c5700000, 0x00000000c5800000|  0%| F|  |TAMS 0x00000000c5700000| PB 0x00000000c5700000| Untracked 
|  88|0x00000000c5800000, 0x00000000c580b1a8, 0x00000000c5900000|  4%| O|  |TAMS 0x00000000c5800000| PB 0x00000000c5800000| Untracked 
|  89|0x00000000c5900000, 0x00000000c5900000, 0x00000000c5a00000|  0%| F|  |TAMS 0x00000000c5900000| PB 0x00000000c5900000| Untracked 
|  90|0x00000000c5a00000, 0x00000000c5a00000, 0x00000000c5b00000|  0%| F|  |TAMS 0x00000000c5a00000| PB 0x00000000c5a00000| Untracked 
|  91|0x00000000c5b00000, 0x00000000c5b00000, 0x00000000c5c00000|  0%| F|  |TAMS 0x00000000c5b00000| PB 0x00000000c5b00000| Untracked 
|  92|0x00000000c5c00000, 0x00000000c5c00000, 0x00000000c5d00000|  0%| F|  |TAMS 0x00000000c5c00000| PB 0x00000000c5c00000| Untracked 
|  93|0x00000000c5d00000, 0x00000000c5d00000, 0x00000000c5e00000|  0%| F|  |TAMS 0x00000000c5d00000| PB 0x00000000c5d00000| Untracked 
|  94|0x00000000c5e00000, 0x00000000c5e00000, 0x00000000c5f00000|  0%| F|  |TAMS 0x00000000c5e00000| PB 0x00000000c5e00000| Untracked 
|  95|0x00000000c5f00000, 0x00000000c5f00000, 0x00000000c6000000|  0%| F|  |TAMS 0x00000000c5f00000| PB 0x00000000c5f00000| Untracked 
|  96|0x00000000c6000000, 0x00000000c6000000, 0x00000000c6100000|  0%| F|  |TAMS 0x00000000c6000000| PB 0x00000000c6000000| Untracked 
|  97|0x00000000c6100000, 0x00000000c6100000, 0x00000000c6200000|  0%| F|  |TAMS 0x00000000c6100000| PB 0x00000000c6100000| Untracked 
|  98|0x00000000c6200000, 0x00000000c6200000, 0x00000000c6300000|  0%| F|  |TAMS 0x00000000c6200000| PB 0x00000000c6200000| Untracked 
|  99|0x00000000c6300000, 0x00000000c6300000, 0x00000000c6400000|  0%| F|  |TAMS 0x00000000c6300000| PB 0x00000000c6300000| Untracked 
| 100|0x00000000c6400000, 0x00000000c6400000, 0x00000000c6500000|  0%| F|  |TAMS 0x00000000c6400000| PB 0x00000000c6400000| Untracked 
| 101|0x00000000c6500000, 0x00000000c6500000, 0x00000000c6600000|  0%| F|  |TAMS 0x00000000c6500000| PB 0x00000000c6500000| Untracked 
| 102|0x00000000c6600000, 0x00000000c6600000, 0x00000000c6700000|  0%| F|  |TAMS 0x00000000c6600000| PB 0x00000000c6600000| Untracked 
| 103|0x00000000c6700000, 0x00000000c6700000, 0x00000000c6800000|  0%| F|  |TAMS 0x00000000c6700000| PB 0x00000000c6700000| Untracked 
| 104|0x00000000c6800000, 0x00000000c6800000, 0x00000000c6900000|  0%| F|  |TAMS 0x00000000c6800000| PB 0x00000000c6800000| Untracked 
| 105|0x00000000c6900000, 0x00000000c6900000, 0x00000000c6a00000|  0%| F|  |TAMS 0x00000000c6900000| PB 0x00000000c6900000| Untracked 
| 106|0x00000000c6a00000, 0x00000000c6a00000, 0x00000000c6b00000|  0%| F|  |TAMS 0x00000000c6a00000| PB 0x00000000c6a00000| Untracked 
| 107|0x00000000c6b00000, 0x00000000c6b00000, 0x00000000c6c00000|  0%| F|  |TAMS 0x00000000c6b00000| PB 0x00000000c6b00000| Untracked 
| 108|0x00000000c6c00000, 0x00000000c6c00000, 0x00000000c6d00000|  0%| F|  |TAMS 0x00000000c6c00000| PB 0x00000000c6c00000| Untracked 
| 109|0x00000000c6d00000, 0x00000000c6d00000, 0x00000000c6e00000|  0%| F|  |TAMS 0x00000000c6d00000| PB 0x00000000c6d00000| Untracked 
| 110|0x00000000c6e00000, 0x00000000c6e7baa8, 0x00000000c6f00000| 48%| E|  |TAMS 0x00000000c6e00000| PB 0x00000000c6e00000| Complete 
| 111|0x00000000c6f00000, 0x00000000c7000000, 0x00000000c7000000|100%| E|CS|TAMS 0x00000000c6f00000| PB 0x00000000c6f00000| Complete 
| 112|0x00000000c7000000, 0x00000000c7100000, 0x00000000c7100000|100%| E|  |TAMS 0x00000000c7000000| PB 0x00000000c7000000| Complete 
| 113|0x00000000c7100000, 0x00000000c7200000, 0x00000000c7200000|100%| E|CS|TAMS 0x00000000c7100000| PB 0x00000000c7100000| Complete 
| 114|0x00000000c7200000, 0x00000000c7300000, 0x00000000c7300000|100%| E|CS|TAMS 0x00000000c7200000| PB 0x00000000c7200000| Complete 
| 115|0x00000000c7300000, 0x00000000c7400000, 0x00000000c7400000|100%| E|CS|TAMS 0x00000000c7300000| PB 0x00000000c7300000| Complete 
| 116|0x00000000c7400000, 0x00000000c7500000, 0x00000000c7500000|100%| E|CS|TAMS 0x00000000c7400000| PB 0x00000000c7400000| Complete 
| 117|0x00000000c7500000, 0x00000000c7600000, 0x00000000c7600000|100%| E|CS|TAMS 0x00000000c7500000| PB 0x00000000c7500000| Complete 
| 118|0x00000000c7600000, 0x00000000c7700000, 0x00000000c7700000|100%| E|CS|TAMS 0x00000000c7600000| PB 0x00000000c7600000| Complete 
| 119|0x00000000c7700000, 0x00000000c7800000, 0x00000000c7800000|100%| E|CS|TAMS 0x00000000c7700000| PB 0x00000000c7700000| Complete 
| 120|0x00000000c7800000, 0x00000000c7900000, 0x00000000c7900000|100%| E|CS|TAMS 0x00000000c7800000| PB 0x00000000c7800000| Complete 
| 121|0x00000000c7900000, 0x00000000c7a00000, 0x00000000c7a00000|100%| E|CS|TAMS 0x00000000c7900000| PB 0x00000000c7900000| Complete 
| 122|0x00000000c7a00000, 0x00000000c7b00000, 0x00000000c7b00000|100%| E|CS|TAMS 0x00000000c7a00000| PB 0x00000000c7a00000| Complete 
| 123|0x00000000c7b00000, 0x00000000c7c00000, 0x00000000c7c00000|100%| E|CS|TAMS 0x00000000c7b00000| PB 0x00000000c7b00000| Complete 
| 124|0x00000000c7c00000, 0x00000000c7d00000, 0x00000000c7d00000|100%| E|CS|TAMS 0x00000000c7c00000| PB 0x00000000c7c00000| Complete 
| 125|0x00000000c7d00000, 0x00000000c7e00000, 0x00000000c7e00000|100%| E|CS|TAMS 0x00000000c7d00000| PB 0x00000000c7d00000| Complete 
| 126|0x00000000c7e00000, 0x00000000c7f00000, 0x00000000c7f00000|100%| E|CS|TAMS 0x00000000c7e00000| PB 0x00000000c7e00000| Complete 
| 127|0x00000000c7f00000, 0x00000000c8000000, 0x00000000c8000000|100%| E|CS|TAMS 0x00000000c7f00000| PB 0x00000000c7f00000| Complete 
| 128|0x00000000c8000000, 0x00000000c8100000, 0x00000000c8100000|100%| E|CS|TAMS 0x00000000c8000000| PB 0x00000000c8000000| Complete 
| 129|0x00000000c8100000, 0x00000000c8200000, 0x00000000c8200000|100%| E|CS|TAMS 0x00000000c8100000| PB 0x00000000c8100000| Complete 
| 130|0x00000000c8200000, 0x00000000c8300000, 0x00000000c8300000|100%| E|CS|TAMS 0x00000000c8200000| PB 0x00000000c8200000| Complete 
| 131|0x00000000c8300000, 0x00000000c8400000, 0x00000000c8400000|100%| E|CS|TAMS 0x00000000c8300000| PB 0x00000000c8300000| Complete 
| 132|0x00000000c8400000, 0x00000000c8500000, 0x00000000c8500000|100%| E|CS|TAMS 0x00000000c8400000| PB 0x00000000c8400000| Complete 
| 133|0x00000000c8500000, 0x00000000c8600000, 0x00000000c8600000|100%| E|CS|TAMS 0x00000000c8500000| PB 0x00000000c8500000| Complete 
| 134|0x00000000c8600000, 0x00000000c8700000, 0x00000000c8700000|100%| E|CS|TAMS 0x00000000c8600000| PB 0x00000000c8600000| Complete 
| 135|0x00000000c8700000, 0x00000000c8800000, 0x00000000c8800000|100%| E|CS|TAMS 0x00000000c8700000| PB 0x00000000c8700000| Complete 
| 136|0x00000000c8800000, 0x00000000c8900000, 0x00000000c8900000|100%| E|CS|TAMS 0x00000000c8800000| PB 0x00000000c8800000| Complete 
| 137|0x00000000c8900000, 0x00000000c8a00000, 0x00000000c8a00000|100%| E|CS|TAMS 0x00000000c8900000| PB 0x00000000c8900000| Complete 
| 138|0x00000000c8a00000, 0x00000000c8b00000, 0x00000000c8b00000|100%| E|CS|TAMS 0x00000000c8a00000| PB 0x00000000c8a00000| Complete 
| 139|0x00000000c8b00000, 0x00000000c8c00000, 0x00000000c8c00000|100%| E|CS|TAMS 0x00000000c8b00000| PB 0x00000000c8b00000| Complete 
| 140|0x00000000c8c00000, 0x00000000c8d00000, 0x00000000c8d00000|100%| E|CS|TAMS 0x00000000c8c00000| PB 0x00000000c8c00000| Complete 
| 141|0x00000000c8d00000, 0x00000000c8e00000, 0x00000000c8e00000|100%| E|CS|TAMS 0x00000000c8d00000| PB 0x00000000c8d00000| Complete 
| 142|0x00000000c8e00000, 0x00000000c8f00000, 0x00000000c8f00000|100%| E|CS|TAMS 0x00000000c8e00000| PB 0x00000000c8e00000| Complete 
| 143|0x00000000c8f00000, 0x00000000c9000000, 0x00000000c9000000|100%| E|CS|TAMS 0x00000000c8f00000| PB 0x00000000c8f00000| Complete 
| 144|0x00000000c9000000, 0x00000000c9100000, 0x00000000c9100000|100%|HS|  |TAMS 0x00000000c9000000| PB 0x00000000c9000000| Complete 
| 145|0x00000000c9100000, 0x00000000c9200000, 0x00000000c9200000|100%|HC|  |TAMS 0x00000000c9100000| PB 0x00000000c9100000| Complete 
| 146|0x00000000c9200000, 0x00000000c9300000, 0x00000000c9300000|100%| E|CS|TAMS 0x00000000c9200000| PB 0x00000000c9200000| Complete 
| 147|0x00000000c9300000, 0x00000000c9400000, 0x00000000c9400000|100%| E|CS|TAMS 0x00000000c9300000| PB 0x00000000c9300000| Complete 
| 148|0x00000000c9400000, 0x00000000c9500000, 0x00000000c9500000|100%| E|CS|TAMS 0x00000000c9400000| PB 0x00000000c9400000| Complete 
| 149|0x00000000c9500000, 0x00000000c9600000, 0x00000000c9600000|100%| E|CS|TAMS 0x00000000c9500000| PB 0x00000000c9500000| Complete 
| 150|0x00000000c9600000, 0x00000000c9700000, 0x00000000c9700000|100%| E|CS|TAMS 0x00000000c9600000| PB 0x00000000c9600000| Complete 
| 151|0x00000000c9700000, 0x00000000c9800000, 0x00000000c9800000|100%|HS|  |TAMS 0x00000000c9700000| PB 0x00000000c9700000| Complete 
| 152|0x00000000c9800000, 0x00000000c9900000, 0x00000000c9900000|100%|HC|  |TAMS 0x00000000c9800000| PB 0x00000000c9800000| Complete 
| 153|0x00000000c9900000, 0x00000000c9a00000, 0x00000000c9a00000|100%| E|CS|TAMS 0x00000000c9900000| PB 0x00000000c9900000| Complete 
| 154|0x00000000c9a00000, 0x00000000c9b00000, 0x00000000c9b00000|100%| E|CS|TAMS 0x00000000c9a00000| PB 0x00000000c9a00000| Complete 
| 155|0x00000000c9b00000, 0x00000000c9c00000, 0x00000000c9c00000|100%| E|CS|TAMS 0x00000000c9b00000| PB 0x00000000c9b00000| Complete 
| 156|0x00000000c9c00000, 0x00000000c9d00000, 0x00000000c9d00000|100%| E|CS|TAMS 0x00000000c9c00000| PB 0x00000000c9c00000| Complete 
| 157|0x00000000c9d00000, 0x00000000c9e00000, 0x00000000c9e00000|100%| E|CS|TAMS 0x00000000c9d00000| PB 0x00000000c9d00000| Complete 
| 158|0x00000000c9e00000, 0x00000000c9f00000, 0x00000000c9f00000|100%| E|CS|TAMS 0x00000000c9e00000| PB 0x00000000c9e00000| Complete 
| 159|0x00000000c9f00000, 0x00000000ca000000, 0x00000000ca000000|100%| E|CS|TAMS 0x00000000c9f00000| PB 0x00000000c9f00000| Complete 
| 160|0x00000000ca000000, 0x00000000ca100000, 0x00000000ca100000|100%| E|CS|TAMS 0x00000000ca000000| PB 0x00000000ca000000| Complete 
| 161|0x00000000ca100000, 0x00000000ca200000, 0x00000000ca200000|100%| E|CS|TAMS 0x00000000ca100000| PB 0x00000000ca100000| Complete 
| 162|0x00000000ca200000, 0x00000000ca300000, 0x00000000ca300000|100%| E|CS|TAMS 0x00000000ca200000| PB 0x00000000ca200000| Complete 
| 163|0x00000000ca300000, 0x00000000ca400000, 0x00000000ca400000|100%| E|CS|TAMS 0x00000000ca300000| PB 0x00000000ca300000| Complete 
| 164|0x00000000ca400000, 0x00000000ca500000, 0x00000000ca500000|100%| E|CS|TAMS 0x00000000ca400000| PB 0x00000000ca400000| Complete 
| 165|0x00000000ca500000, 0x00000000ca600000, 0x00000000ca600000|100%| E|CS|TAMS 0x00000000ca500000| PB 0x00000000ca500000| Complete 
| 166|0x00000000ca600000, 0x00000000ca700000, 0x00000000ca700000|100%| E|CS|TAMS 0x00000000ca600000| PB 0x00000000ca600000| Complete 
| 167|0x00000000ca700000, 0x00000000ca800000, 0x00000000ca800000|100%| E|CS|TAMS 0x00000000ca700000| PB 0x00000000ca700000| Complete 
| 168|0x00000000ca800000, 0x00000000ca900000, 0x00000000ca900000|100%| E|CS|TAMS 0x00000000ca800000| PB 0x00000000ca800000| Complete 
| 169|0x00000000ca900000, 0x00000000caa00000, 0x00000000caa00000|100%| E|CS|TAMS 0x00000000ca900000| PB 0x00000000ca900000| Complete 
| 170|0x00000000caa00000, 0x00000000cab00000, 0x00000000cab00000|100%| E|CS|TAMS 0x00000000caa00000| PB 0x00000000caa00000| Complete 
| 171|0x00000000cab00000, 0x00000000cac00000, 0x00000000cac00000|100%| E|CS|TAMS 0x00000000cab00000| PB 0x00000000cab00000| Complete 
| 172|0x00000000cac00000, 0x00000000cad00000, 0x00000000cad00000|100%| E|CS|TAMS 0x00000000cac00000| PB 0x00000000cac00000| Complete 
| 173|0x00000000cad00000, 0x00000000cae00000, 0x00000000cae00000|100%| E|CS|TAMS 0x00000000cad00000| PB 0x00000000cad00000| Complete 
| 174|0x00000000cae00000, 0x00000000caf00000, 0x00000000caf00000|100%| E|CS|TAMS 0x00000000cae00000| PB 0x00000000cae00000| Complete 
| 175|0x00000000caf00000, 0x00000000cb000000, 0x00000000cb000000|100%| E|CS|TAMS 0x00000000caf00000| PB 0x00000000caf00000| Complete 
| 176|0x00000000cb000000, 0x00000000cb100000, 0x00000000cb100000|100%| E|CS|TAMS 0x00000000cb000000| PB 0x00000000cb000000| Complete 
| 177|0x00000000cb100000, 0x00000000cb200000, 0x00000000cb200000|100%| E|CS|TAMS 0x00000000cb100000| PB 0x00000000cb100000| Complete 
| 178|0x00000000cb200000, 0x00000000cb300000, 0x00000000cb300000|100%| E|CS|TAMS 0x00000000cb200000| PB 0x00000000cb200000| Complete 
| 179|0x00000000cb300000, 0x00000000cb400000, 0x00000000cb400000|100%| E|CS|TAMS 0x00000000cb300000| PB 0x00000000cb300000| Complete 
| 180|0x00000000cb400000, 0x00000000cb500000, 0x00000000cb500000|100%| E|CS|TAMS 0x00000000cb400000| PB 0x00000000cb400000| Complete 
| 181|0x00000000cb500000, 0x00000000cb600000, 0x00000000cb600000|100%| E|CS|TAMS 0x00000000cb500000| PB 0x00000000cb500000| Complete 
| 182|0x00000000cb600000, 0x00000000cb700000, 0x00000000cb700000|100%| E|CS|TAMS 0x00000000cb600000| PB 0x00000000cb600000| Complete 
| 183|0x00000000cb700000, 0x00000000cb800000, 0x00000000cb800000|100%| E|CS|TAMS 0x00000000cb700000| PB 0x00000000cb700000| Complete 
| 184|0x00000000cb800000, 0x00000000cb900000, 0x00000000cb900000|100%| E|CS|TAMS 0x00000000cb800000| PB 0x00000000cb800000| Complete 
| 185|0x00000000cb900000, 0x00000000cba00000, 0x00000000cba00000|100%| E|CS|TAMS 0x00000000cb900000| PB 0x00000000cb900000| Complete 
| 186|0x00000000cba00000, 0x00000000cbb00000, 0x00000000cbb00000|100%| E|CS|TAMS 0x00000000cba00000| PB 0x00000000cba00000| Complete 
| 187|0x00000000cbb00000, 0x00000000cbc00000, 0x00000000cbc00000|100%| E|CS|TAMS 0x00000000cbb00000| PB 0x00000000cbb00000| Complete 
| 188|0x00000000cbc00000, 0x00000000cbd00000, 0x00000000cbd00000|100%| E|CS|TAMS 0x00000000cbc00000| PB 0x00000000cbc00000| Complete 
| 189|0x00000000cbd00000, 0x00000000cbe00000, 0x00000000cbe00000|100%| E|CS|TAMS 0x00000000cbd00000| PB 0x00000000cbd00000| Complete 
| 190|0x00000000cbe00000, 0x00000000cbf00000, 0x00000000cbf00000|100%| E|CS|TAMS 0x00000000cbe00000| PB 0x00000000cbe00000| Complete 
| 191|0x00000000cbf00000, 0x00000000cc000000, 0x00000000cc000000|100%| E|CS|TAMS 0x00000000cbf00000| PB 0x00000000cbf00000| Complete 
| 192|0x00000000cc000000, 0x00000000cc100000, 0x00000000cc100000|100%| E|CS|TAMS 0x00000000cc000000| PB 0x00000000cc000000| Complete 
| 193|0x00000000cc100000, 0x00000000cc200000, 0x00000000cc200000|100%| E|CS|TAMS 0x00000000cc100000| PB 0x00000000cc100000| Complete 
| 194|0x00000000cc200000, 0x00000000cc300000, 0x00000000cc300000|100%| E|CS|TAMS 0x00000000cc200000| PB 0x00000000cc200000| Complete 
| 195|0x00000000cc300000, 0x00000000cc400000, 0x00000000cc400000|100%| E|CS|TAMS 0x00000000cc300000| PB 0x00000000cc300000| Complete 
| 196|0x00000000cc400000, 0x00000000cc500000, 0x00000000cc500000|100%| E|CS|TAMS 0x00000000cc400000| PB 0x00000000cc400000| Complete 
| 197|0x00000000cc500000, 0x00000000cc600000, 0x00000000cc600000|100%| E|CS|TAMS 0x00000000cc500000| PB 0x00000000cc500000| Complete 
| 198|0x00000000cc600000, 0x00000000cc700000, 0x00000000cc700000|100%| E|CS|TAMS 0x00000000cc600000| PB 0x00000000cc600000| Complete 
| 199|0x00000000cc700000, 0x00000000cc800000, 0x00000000cc800000|100%| E|CS|TAMS 0x00000000cc700000| PB 0x00000000cc700000| Complete 
| 200|0x00000000cc800000, 0x00000000cc900000, 0x00000000cc900000|100%| E|CS|TAMS 0x00000000cc800000| PB 0x00000000cc800000| Complete 
| 201|0x00000000cc900000, 0x00000000cc980000, 0x00000000cca00000| 50%| S|CS|TAMS 0x00000000cc900000| PB 0x00000000cc900000| Complete 
| 202|0x00000000cca00000, 0x00000000ccb00000, 0x00000000ccb00000|100%| S|CS|TAMS 0x00000000cca00000| PB 0x00000000cca00000| Complete 
| 203|0x00000000ccb00000, 0x00000000ccc00000, 0x00000000ccc00000|100%| S|CS|TAMS 0x00000000ccb00000| PB 0x00000000ccb00000| Complete 
| 204|0x00000000ccc00000, 0x00000000ccd00000, 0x00000000ccd00000|100%| S|CS|TAMS 0x00000000ccc00000| PB 0x00000000ccc00000| Complete 
| 205|0x00000000ccd00000, 0x00000000cce00000, 0x00000000cce00000|100%| S|CS|TAMS 0x00000000ccd00000| PB 0x00000000ccd00000| Complete 
| 206|0x00000000cce00000, 0x00000000ccf00000, 0x00000000ccf00000|100%| S|CS|TAMS 0x00000000cce00000| PB 0x00000000cce00000| Complete 
| 207|0x00000000ccf00000, 0x00000000cd000000, 0x00000000cd000000|100%| S|CS|TAMS 0x00000000ccf00000| PB 0x00000000ccf00000| Complete 
| 208|0x00000000cd000000, 0x00000000cd100000, 0x00000000cd100000|100%| E|CS|TAMS 0x00000000cd000000| PB 0x00000000cd000000| Complete 
| 209|0x00000000cd100000, 0x00000000cd200000, 0x00000000cd200000|100%| E|CS|TAMS 0x00000000cd100000| PB 0x00000000cd100000| Complete 
| 210|0x00000000cd200000, 0x00000000cd300000, 0x00000000cd300000|100%| E|CS|TAMS 0x00000000cd200000| PB 0x00000000cd200000| Complete 
| 211|0x00000000cd300000, 0x00000000cd400000, 0x00000000cd400000|100%| E|CS|TAMS 0x00000000cd300000| PB 0x00000000cd300000| Complete 
| 212|0x00000000cd400000, 0x00000000cd500000, 0x00000000cd500000|100%| E|CS|TAMS 0x00000000cd400000| PB 0x00000000cd400000| Complete 
| 213|0x00000000cd500000, 0x00000000cd600000, 0x00000000cd600000|100%| E|CS|TAMS 0x00000000cd500000| PB 0x00000000cd500000| Complete 
| 214|0x00000000cd600000, 0x00000000cd700000, 0x00000000cd700000|100%| E|CS|TAMS 0x00000000cd600000| PB 0x00000000cd600000| Complete 
| 215|0x00000000cd700000, 0x00000000cd800000, 0x00000000cd800000|100%| E|CS|TAMS 0x00000000cd700000| PB 0x00000000cd700000| Complete 
| 216|0x00000000cd800000, 0x00000000cd900000, 0x00000000cd900000|100%| E|CS|TAMS 0x00000000cd800000| PB 0x00000000cd800000| Complete 
| 217|0x00000000cd900000, 0x00000000cda00000, 0x00000000cda00000|100%| E|CS|TAMS 0x00000000cd900000| PB 0x00000000cd900000| Complete 
| 218|0x00000000cda00000, 0x00000000cdb00000, 0x00000000cdb00000|100%| E|CS|TAMS 0x00000000cda00000| PB 0x00000000cda00000| Complete 
| 219|0x00000000cdb00000, 0x00000000cdc00000, 0x00000000cdc00000|100%| E|CS|TAMS 0x00000000cdb00000| PB 0x00000000cdb00000| Complete 
| 220|0x00000000cdc00000, 0x00000000cdd00000, 0x00000000cdd00000|100%| E|CS|TAMS 0x00000000cdc00000| PB 0x00000000cdc00000| Complete 
| 221|0x00000000cdd00000, 0x00000000cde00000, 0x00000000cde00000|100%| E|CS|TAMS 0x00000000cdd00000| PB 0x00000000cdd00000| Complete 
| 222|0x00000000cde00000, 0x00000000cdf00000, 0x00000000cdf00000|100%| E|CS|TAMS 0x00000000cde00000| PB 0x00000000cde00000| Complete 
| 223|0x00000000cdf00000, 0x00000000ce000000, 0x00000000ce000000|100%| E|CS|TAMS 0x00000000cdf00000| PB 0x00000000cdf00000| Complete 
| 224|0x00000000ce000000, 0x00000000ce100000, 0x00000000ce100000|100%| E|CS|TAMS 0x00000000ce000000| PB 0x00000000ce000000| Complete 
| 225|0x00000000ce100000, 0x00000000ce200000, 0x00000000ce200000|100%| E|CS|TAMS 0x00000000ce100000| PB 0x00000000ce100000| Complete 
| 226|0x00000000ce200000, 0x00000000ce300000, 0x00000000ce300000|100%| E|CS|TAMS 0x00000000ce200000| PB 0x00000000ce200000| Complete 
| 227|0x00000000ce300000, 0x00000000ce400000, 0x00000000ce400000|100%| E|CS|TAMS 0x00000000ce300000| PB 0x00000000ce300000| Complete 
| 228|0x00000000ce400000, 0x00000000ce500000, 0x00000000ce500000|100%| E|CS|TAMS 0x00000000ce400000| PB 0x00000000ce400000| Complete 
| 229|0x00000000ce500000, 0x00000000ce600000, 0x00000000ce600000|100%| E|CS|TAMS 0x00000000ce500000| PB 0x00000000ce500000| Complete 
|1014|0x00000000ff600000, 0x00000000ff700000, 0x00000000ff700000|100%| O|  |TAMS 0x00000000ff600000| PB 0x00000000ff600000| Untracked 
|1015|0x00000000ff700000, 0x00000000ff800000, 0x00000000ff800000|100%| O|  |TAMS 0x00000000ff700000| PB 0x00000000ff700000| Untracked 
|1016|0x00000000ff800000, 0x00000000ff900000, 0x00000000ff900000|100%| O|  |TAMS 0x00000000ff800000| PB 0x00000000ff800000| Untracked 
|1017|0x00000000ff900000, 0x00000000ffa00000, 0x00000000ffa00000|100%| E|CS|TAMS 0x00000000ff900000| PB 0x00000000ff900000| Complete 
|1018|0x00000000ffa00000, 0x00000000ffb00000, 0x00000000ffb00000|100%| O|  |TAMS 0x00000000ffa00000| PB 0x00000000ffa00000| Untracked 
|1019|0x00000000ffb00000, 0x00000000ffc00000, 0x00000000ffc00000|100%| O|  |TAMS 0x00000000ffb00000| PB 0x00000000ffb00000| Untracked 
|1020|0x00000000ffc00000, 0x00000000ffd00000, 0x00000000ffd00000|100%| O|  |TAMS 0x00000000ffc00000| PB 0x00000000ffc00000| Untracked 
|1021|0x00000000ffd00000, 0x00000000ffe00000, 0x00000000ffe00000|100%| O|  |TAMS 0x00000000ffd00000| PB 0x00000000ffd00000| Untracked 
|1022|0x00000000ffe00000, 0x00000000fff00000, 0x00000000fff00000|100%| O|  |TAMS 0x00000000ffe00000| PB 0x00000000ffe00000| Untracked 
|1023|0x00000000fff00000, 0x0000000100000000, 0x0000000100000000|100%| O|  |TAMS 0x00000000fff00000| PB 0x00000000fff00000| Untracked 

Card table byte_map: [0x000001935a660000,0x000001935a860000] _byte_map_base: 0x000001935a060000

Marking Bits: (CMBitMap*) 0x000001934143a430
 Bits: [0x000001935a860000, 0x000001935b860000)

Polling page: 0x00000193414d0000

Metaspace:

Usage:
  Non-class:     90.51 MB used.
      Class:     12.13 MB used.
       Both:    102.64 MB used.

Virtual space:
  Non-class space:      128.00 MB reserved,      92.25 MB ( 72%) committed,  2 nodes.
      Class space:        1.00 GB reserved,      13.38 MB (  1%) committed,  1 nodes.
             Both:        1.12 GB reserved,     105.62 MB (  9%) committed. 

Chunk freelists:
   Non-Class:  3.78 MB
       Class:  2.48 MB
        Both:  6.27 MB

MaxMetaspaceSize: unlimited
CompressedClassSpaceSize: 1.00 GB
Initial GC threshold: 21.00 MB
Current GC threshold: 171.50 MB
CDS: on
 - commit_granule_bytes: 65536.
 - commit_granule_words: 8192.
 - virtual_space_node_default_size: 8388608.
 - enlarge_chunks_in_place: 1.
 - use_allocation_guard: 0.


Internal statistics:

num_allocs_failed_limit: 15.
num_arena_births: 1506.
num_arena_deaths: 0.
num_vsnodes_births: 3.
num_vsnodes_deaths: 0.
num_space_committed: 1689.
num_space_uncommitted: 0.
num_chunks_returned_to_freelist: 15.
num_chunks_taken_from_freelist: 6420.
num_chunk_merges: 12.
num_chunk_splits: 4051.
num_chunks_enlarged: 2327.
num_inconsistent_stats: 0.

CodeHeap 'non-profiled nmethods': size=120064Kb used=6752Kb max_used=6752Kb free=113312Kb
 bounds [0x0000019352b20000, 0x00000193531c0000, 0x000001935a060000]
CodeHeap 'profiled nmethods': size=120000Kb used=25748Kb max_used=25748Kb free=94251Kb
 bounds [0x000001934b060000, 0x000001934c990000, 0x0000019352590000]
CodeHeap 'non-nmethods': size=5696Kb used=2253Kb max_used=2294Kb free=3442Kb
 bounds [0x0000019352590000, 0x0000019352800000, 0x0000019352b20000]
 total_blobs=13597 nmethods=12418 adapters=1080
 compilation: enabled
              stopped_count=0, restarted_count=0
 full_count=0

Compilation events (20 events):
Event: 50.051 Thread 0x000001935dc02470 nmethod 15376 0x000001934c980610 code [0x000001934c9808a0, 0x000001934c981560]
Event: 50.250 Thread 0x000001935dc02470 15379   !   3       org.eclipse.ui.internal.UISynchronizer::asyncExec (62 bytes)
Event: 50.251 Thread 0x000001935dc02470 nmethod 15379 0x000001934c981b10 code [0x000001934c981d00, 0x000001934c9823c8]
Event: 51.769 Thread 0x000001935dbe52a0 15380       4       java.util.LinkedHashMap::afterNodeInsertion (40 bytes)
Event: 51.769 Thread 0x000001935dc02470 15381       3       org.eclipse.osgi.internal.serviceregistry.FilteredServiceListener::filterMatch (96 bytes)
Event: 51.771 Thread 0x000001935dc02470 nmethod 15381 0x000001934c982590 code [0x000001934c982840, 0x000001934c983c30]
Event: 51.771 Thread 0x000001935dbe52a0 nmethod 15380 0x00000193531b6790 code [0x00000193531b6940, 0x00000193531b6a98]
Event: 54.742 Thread 0x000001935dbe52a0 15382       4       java.util.concurrent.ConcurrentLinkedQueue::first (65 bytes)
Event: 54.747 Thread 0x000001935dbe52a0 nmethod 15382 0x00000193531b6c10 code [0x00000193531b6da0, 0x00000193531b70b8]
Event: 54.761 Thread 0x000001935dc02470 15383       3       java.util.Spliterators$IteratorSpliterator::estimateSize (41 bytes)
Event: 54.762 Thread 0x000001935dc02470 nmethod 15383 0x000001934c984190 code [0x000001934c984360, 0x000001934c9846e8]
Event: 64.394 Thread 0x000001935dbe52a0 15384       4       java.util.concurrent.ConcurrentLinkedQueue::poll (84 bytes)
Event: 64.405 Thread 0x000001935dbe52a0 nmethod 15384 0x00000193531b7290 code [0x00000193531b7440, 0x00000193531b7a28]
Event: 65.266 Thread 0x000001935dc02470 15385       3       java.util.logging.LogManager$LoggerContext::requiresDefaultLoggers (29 bytes)
Event: 65.266 Thread 0x000001935dc02470 nmethod 15385 0x000001934c984810 code [0x000001934c9849c0, 0x000001934c984bd8]
Event: 69.157 Thread 0x000001935dbe52a0 15386       4       org.eclipse.swt.widgets.Display::checkDevice (43 bytes)
Event: 69.158 Thread 0x000001935dbe52a0 nmethod 15386 0x00000193531b7c90 code [0x00000193531b7e20, 0x00000193531b7f18]
Event: 70.283 Thread 0x000001935dc02470 15387       3       java.util.concurrent.locks.AbstractQueuedSynchronizer$Node::getAndUnsetStatus (14 bytes)
Event: 70.283 Thread 0x000001935dc02470 nmethod 15387 0x000001934c984c90 code [0x000001934c984e60, 0x000001934c985120]
Event: 74.800 Thread 0x000001935dbe52a0 15388       4       java.util.HashMap::computeIfAbsent (330 bytes)

GC Heap History (20 events):
Event: 30.004 GC heap before
{Heap before GC invocations=27 (full 0):
 garbage-first heap   total 119808K, used 94154K [0x00000000c0000000, 0x0000000100000000)
  region size 1024K, 29 young (29696K), 5 survivors (5120K)
 Metaspace       used 85759K, committed 88256K, reserved 1179648K
  class space    used 9978K, committed 10944K, reserved 1048576K
}
Event: 30.019 GC heap after
{Heap after GC invocations=28 (full 0):
 garbage-first heap   total 119808K, used 71820K [0x00000000c0000000, 0x0000000100000000)
  region size 1024K, 2 young (2048K), 2 survivors (2048K)
 Metaspace       used 85759K, committed 88256K, reserved 1179648K
  class space    used 9978K, committed 10944K, reserved 1048576K
}
Event: 31.697 GC heap before
{Heap before GC invocations=28 (full 0):
 garbage-first heap   total 119808K, used 106636K [0x00000000c0000000, 0x0000000100000000)
  region size 1024K, 37 young (37888K), 2 survivors (2048K)
 Metaspace       used 92124K, committed 94592K, reserved 1179648K
  class space    used 10785K, committed 11776K, reserved 1048576K
}
Event: 31.718 GC heap after
{Heap after GC invocations=29 (full 0):
 garbage-first heap   total 119808K, used 70656K [0x00000000c0000000, 0x0000000100000000)
  region size 1024K, 5 young (5120K), 5 survivors (5120K)
 Metaspace       used 92124K, committed 94592K, reserved 1179648K
  class space    used 10785K, committed 11776K, reserved 1048576K
}
Event: 32.816 GC heap before
{Heap before GC invocations=29 (full 0):
 garbage-first heap   total 119808K, used 106496K [0x00000000c0000000, 0x0000000100000000)
  region size 1024K, 41 young (41984K), 5 survivors (5120K)
 Metaspace       used 94567K, committed 97216K, reserved 1179648K
  class space    used 11086K, committed 12096K, reserved 1048576K
}
Event: 32.848 GC heap after
{Heap after GC invocations=30 (full 0):
 garbage-first heap   total 119808K, used 74752K [0x00000000c0000000, 0x0000000100000000)
  region size 1024K, 4 young (4096K), 4 survivors (4096K)
 Metaspace       used 94567K, committed 97216K, reserved 1179648K
  class space    used 11086K, committed 12096K, reserved 1048576K
}
Event: 35.200 GC heap before
{Heap before GC invocations=31 (full 0):
 garbage-first heap   total 126976K, used 116736K [0x00000000c0000000, 0x0000000100000000)
  region size 1024K, 37 young (37888K), 4 survivors (4096K)
 Metaspace       used 101137K, committed 103872K, reserved 1179648K
  class space    used 11906K, committed 12992K, reserved 1048576K
}
Event: 35.225 GC heap after
{Heap after GC invocations=32 (full 0):
 garbage-first heap   total 126976K, used 82944K [0x00000000c0000000, 0x0000000100000000)
  region size 1024K, 5 young (5120K), 5 survivors (5120K)
 Metaspace       used 101137K, committed 103872K, reserved 1179648K
  class space    used 11906K, committed 12992K, reserved 1048576K
}
Event: 35.417 GC heap before
{Heap before GC invocations=32 (full 0):
 garbage-first heap   total 126976K, used 125952K [0x00000000c0000000, 0x0000000100000000)
  region size 1024K, 32 young (32768K), 5 survivors (5120K)
 Metaspace       used 101452K, committed 104192K, reserved 1179648K
  class space    used 11955K, committed 13056K, reserved 1048576K
}
Event: 35.457 GC heap after
{Heap after GC invocations=33 (full 0):
 garbage-first heap   total 135168K, used 84409K [0x00000000c0000000, 0x0000000100000000)
  region size 1024K, 1 young (1024K), 1 survivors (1024K)
 Metaspace       used 101452K, committed 104192K, reserved 1179648K
  class space    used 11955K, committed 13056K, reserved 1048576K
}
Event: 35.499 GC heap before
{Heap before GC invocations=33 (full 0):
 garbage-first heap   total 135168K, used 99769K [0x00000000c0000000, 0x0000000100000000)
  region size 1024K, 18 young (18432K), 1 survivors (1024K)
 Metaspace       used 101452K, committed 104192K, reserved 1179648K
  class space    used 11955K, committed 13056K, reserved 1048576K
}
Event: 35.504 GC heap after
{Heap after GC invocations=34 (full 0):
 garbage-first heap   total 135168K, used 84864K [0x00000000c0000000, 0x0000000100000000)
  region size 1024K, 1 young (1024K), 1 survivors (1024K)
 Metaspace       used 101452K, committed 104192K, reserved 1179648K
  class space    used 11955K, committed 13056K, reserved 1048576K
}
Event: 36.033 GC heap before
{Heap before GC invocations=35 (full 0):
 garbage-first heap   total 145408K, used 144256K [0x00000000c0000000, 0x0000000100000000)
  region size 1024K, 28 young (28672K), 1 survivors (1024K)
 Metaspace       used 101892K, committed 104640K, reserved 1179648K
  class space    used 12030K, committed 13120K, reserved 1048576K
}
Event: 36.044 GC heap after
{Heap after GC invocations=36 (full 0):
 garbage-first heap   total 147456K, used 85605K [0x00000000c0000000, 0x0000000100000000)
  region size 1024K, 2 young (2048K), 2 survivors (2048K)
 Metaspace       used 101892K, committed 104640K, reserved 1179648K
  class space    used 12030K, committed 13120K, reserved 1048576K
}
Event: 36.674 GC heap before
{Heap before GC invocations=36 (full 0):
 garbage-first heap   total 147456K, used 146021K [0x00000000c0000000, 0x0000000100000000)
  region size 1024K, 46 young (47104K), 2 survivors (2048K)
 Metaspace       used 102513K, committed 105280K, reserved 1179648K
  class space    used 12101K, committed 13184K, reserved 1048576K
}
Event: 36.693 GC heap after
{Heap after GC invocations=37 (full 0):
 garbage-first heap   total 154624K, used 86156K [0x00000000c0000000, 0x0000000100000000)
  region size 1024K, 4 young (4096K), 4 survivors (4096K)
 Metaspace       used 102513K, committed 105280K, reserved 1179648K
  class space    used 12101K, committed 13184K, reserved 1048576K
}
Event: 36.731 GC heap before
{Heap before GC invocations=37 (full 0):
 garbage-first heap   total 154624K, used 121996K [0x00000000c0000000, 0x0000000100000000)
  region size 1024K, 41 young (41984K), 4 survivors (4096K)
 Metaspace       used 102519K, committed 105280K, reserved 1179648K
  class space    used 12101K, committed 13184K, reserved 1048576K
}
Event: 36.739 GC heap after
{Heap after GC invocations=38 (full 0):
 garbage-first heap   total 154624K, used 86831K [0x00000000c0000000, 0x0000000100000000)
  region size 1024K, 5 young (5120K), 5 survivors (5120K)
 Metaspace       used 102519K, committed 105280K, reserved 1179648K
  class space    used 12101K, committed 13184K, reserved 1048576K
}
Event: 37.574 GC heap before
{Heap before GC invocations=39 (full 0):
 garbage-first heap   total 245760K, used 184111K [0x00000000c0000000, 0x0000000100000000)
  region size 1024K, 53 young (54272K), 5 survivors (5120K)
 Metaspace       used 102781K, committed 105600K, reserved 1179648K
  class space    used 12115K, committed 13248K, reserved 1048576K
}
Event: 37.591 GC heap after
{Heap after GC invocations=40 (full 0):
 garbage-first heap   total 245760K, used 89644K [0x00000000c0000000, 0x0000000100000000)
  region size 1024K, 7 young (7168K), 7 survivors (7168K)
 Metaspace       used 102781K, committed 105600K, reserved 1179648K
  class space    used 12115K, committed 13248K, reserved 1048576K
}

Dll operation events (20 events):
Event: 0.054 Loaded shared library C:\Program Files\Java\jdk-21\bin\jsvml.dll
Event: 0.144 Loaded shared library C:\Program Files\Java\jdk-21\bin\net.dll
Event: 0.146 Loaded shared library C:\Program Files\Java\jdk-21\bin\nio.dll
Event: 0.150 Loaded shared library C:\Program Files\Java\jdk-21\bin\zip.dll
Event: 0.302 Loaded shared library C:\Program Files\Java\jdk-21\bin\jimage.dll
Event: 0.639 Loaded shared library C:\Users\Administrator\.p2\pool\plugins\org.eclipse.equinox.launcher.win32.win32.x86_64_1.2.1300.v20250331-1702\eclipse_11911.dll
Event: 6.261 Loaded shared library C:\Program Files\Java\jdk-21\bin\verify.dll
Event: 7.419 Loaded shared library C:\Program Files\Java\jdk-21\bin\sunmscapi.dll
Event: 8.072 Loaded shared library C:\Users\Administrator\eclipse\java-2025-06\eclipse\configuration\org.eclipse.osgi\423\0\.cp\swt-osversion-win32-4969r18.dll
Event: 8.092 Loaded shared library C:\Users\Administrator\eclipse\java-2025-06\eclipse\configuration\org.eclipse.osgi\423\0\.cp\swt-win32-4969r18.dll
Event: 8.231 Loaded shared library C:\Users\Administrator\eclipse\java-2025-06\eclipse\configuration\org.eclipse.osgi\423\0\.cp\swt-gdip-win32-4969r18.dll
Event: 9.035 Loaded shared library C:\Users\Administrator\AppData\Local\Temp\jna-146731693\jna5006923991057622568.dll
Event: 13.045 Loaded shared library C:\Program Files\Java\jdk-21\bin\awt.dll
Event: 14.219 Loaded shared library C:\Program Files\Java\jdk-21\bin\javaaccessbridge.dll
Event: 14.270 Loaded shared library C:\Program Files\Java\jdk-21\bin\mlib_image.dll
Event: 17.461 Loaded shared library C:\Program Files\Java\jdk-21\bin\freetype.dll
Event: 17.465 Loaded shared library C:\Program Files\Java\jdk-21\bin\fontmanager.dll
Event: 23.722 Loaded shared library C:\Program Files\Java\jdk-21\bin\management.dll
Event: 23.731 Loaded shared library C:\Program Files\Java\jdk-21\bin\management_ext.dll
Event: 34.161 Loaded shared library C:\Program Files\Java\jdk-21\bin\extnet.dll

Deoptimization events (20 events):
Event: 39.360 Thread 0x0000019365ed6440 DEOPT PACKING pc=0x0000019352cf5134 sp=0x0000002bb62fe020
Event: 39.360 Thread 0x0000019365ed6440 DEOPT UNPACKING pc=0x00000193525e46a2 sp=0x0000002bb62fdfb8 mode 2
Event: 39.365 Thread 0x0000019365ed6440 Uncommon trap: trap_request=0xffffff45 fr.pc=0x0000019352f7e390 relative=0x0000000000000290
Event: 39.365 Thread 0x0000019365ed6440 Uncommon trap: reason=unstable_if action=reinterpret pc=0x0000019352f7e390 method=java.lang.invoke.MethodType.isConvertibleTo(Ljava/lang/invoke/MethodType;)Z @ 117 c2
Event: 39.365 Thread 0x0000019365ed6440 DEOPT PACKING pc=0x0000019352f7e390 sp=0x0000002bb62fe710
Event: 39.365 Thread 0x0000019365ed6440 DEOPT UNPACKING pc=0x00000193525e46a2 sp=0x0000002bb62fe630 mode 2
Event: 40.367 Thread 0x0000019365ed4a00 DEOPT PACKING pc=0x000001934b6f5bcc sp=0x0000002bb67fe480
Event: 40.367 Thread 0x0000019365ed4a00 DEOPT UNPACKING pc=0x00000193525e4e42 sp=0x0000002bb67fd948 mode 0
Event: 40.367 Thread 0x0000019365ed4a00 DEOPT PACKING pc=0x000001934b387984 sp=0x0000002bb67fe510
Event: 40.367 Thread 0x0000019365ed4a00 DEOPT UNPACKING pc=0x00000193525e4e42 sp=0x0000002bb67fd9e0 mode 0
Event: 40.367 Thread 0x0000019365ed4a00 DEOPT PACKING pc=0x000001934b3862fc sp=0x0000002bb67fe5b0
Event: 40.367 Thread 0x0000019365ed4a00 DEOPT UNPACKING pc=0x00000193525e4e42 sp=0x0000002bb67fdab0 mode 0
Event: 50.049 Thread 0x0000019341403940 Uncommon trap: trap_request=0xffffffc6 fr.pc=0x0000019352e24660 relative=0x00000000000014c0
Event: 50.049 Thread 0x0000019341403940 Uncommon trap: reason=bimorphic_or_optimized_type_check action=maybe_recompile pc=0x0000019352e24660 method=java.util.HashMap.computeIfAbsent(Ljava/lang/Object;Ljava/util/function/Function;)Ljava/lang/Object; @ 142 c2
Event: 50.049 Thread 0x0000019341403940 DEOPT PACKING pc=0x0000019352e24660 sp=0x0000002bb32fde60
Event: 50.049 Thread 0x0000019341403940 DEOPT UNPACKING pc=0x00000193525e46a2 sp=0x0000002bb32fde20 mode 2
Event: 50.049 Thread 0x0000019365ed6440 Uncommon trap: trap_request=0xffffff45 fr.pc=0x00000193531b3548 relative=0x00000000000018e8
Event: 50.049 Thread 0x0000019365ed6440 Uncommon trap: reason=unstable_if action=reinterpret pc=0x00000193531b3548 method=org.eclipse.core.internal.jobs.JobListeners.waitAndSendEvents(Lorg/eclipse/core/internal/jobs/InternalJob;Z)V @ 11 c2
Event: 50.049 Thread 0x0000019365ed6440 DEOPT PACKING pc=0x00000193531b3548 sp=0x0000002bb62fed70
Event: 50.049 Thread 0x0000019365ed6440 DEOPT UNPACKING pc=0x00000193525e46a2 sp=0x0000002bb62fed08 mode 2

Classes loaded (20 events):
Event: 38.789 Loading class java/nio/BufferMismatch
Event: 38.790 Loading class java/nio/BufferMismatch done
Event: 38.907 Loading class java/security/cert/CertificateExpiredException
Event: 38.907 Loading class java/security/cert/CertificateExpiredException done
Event: 38.907 Loading class java/security/cert/CertificateNotYetValidException
Event: 38.908 Loading class java/security/cert/CertificateNotYetValidException done
Event: 39.224 Loading class java/lang/StackStreamFactory$CallerClassFinder
Event: 39.226 Loading class java/lang/StackStreamFactory$CallerClassFinder done
Event: 39.226 Loading class java/lang/StackStreamFactory$CallerClassFinder$ClassBuffer
Event: 39.227 Loading class java/lang/StackStreamFactory$CallerClassFinder$ClassBuffer done
Event: 39.333 Loading class java/util/jar/JarInputStream
Event: 39.334 Loading class java/util/jar/JarInputStream done
Event: 39.340 Loading class java/util/jar/JarOutputStream
Event: 39.341 Loading class java/util/jar/JarOutputStream done
Event: 39.537 Loading class sun/nio/fs/WindowsFileCopy
Event: 39.537 Loading class sun/nio/fs/WindowsFileCopy done
Event: 46.741 Loading class java/util/DualPivotQuicksort
Event: 46.743 Loading class java/util/DualPivotQuicksort done
Event: 46.772 Loading class java/util/function/IntSupplier
Event: 46.772 Loading class java/util/function/IntSupplier done

Classes unloaded (0 events):
No events

Classes redefined (0 events):
No events

Internal exceptions (20 events):
Event: 39.270 Thread 0x000001936465de70 Exception <a 'sun/nio/fs/WindowsException'{0x00000000c759c650}> (0x00000000c759c650) 
thrown [s\open\src\hotspot\share\prims\jni.cpp, line 520]
Event: 39.270 Thread 0x000001936465de70 Exception <a 'sun/nio/fs/WindowsException'{0x00000000c759cd00}> (0x00000000c759cd00) 
thrown [s\open\src\hotspot\share\prims\jni.cpp, line 520]
Event: 39.270 Thread 0x000001936465de70 Exception <a 'sun/nio/fs/WindowsException'{0x00000000c759d398}> (0x00000000c759d398) 
thrown [s\open\src\hotspot\share\prims\jni.cpp, line 520]
Event: 39.270 Thread 0x000001936465de70 Exception <a 'sun/nio/fs/WindowsException'{0x00000000c742e520}> (0x00000000c742e520) 
thrown [s\open\src\hotspot\share\prims\jni.cpp, line 520]
Event: 39.270 Thread 0x000001936465de70 Exception <a 'sun/nio/fs/WindowsException'{0x00000000c742ebb0}> (0x00000000c742ebb0) 
thrown [s\open\src\hotspot\share\prims\jni.cpp, line 520]
Event: 39.270 Thread 0x000001936465de70 Exception <a 'sun/nio/fs/WindowsException'{0x00000000c742f260}> (0x00000000c742f260) 
thrown [s\open\src\hotspot\share\prims\jni.cpp, line 520]
Event: 39.270 Thread 0x000001936465de70 Exception <a 'sun/nio/fs/WindowsException'{0x00000000c742f8f8}> (0x00000000c742f8f8) 
thrown [s\open\src\hotspot\share\prims\jni.cpp, line 520]
Event: 39.270 Thread 0x000001936465de70 Exception <a 'sun/nio/fs/WindowsException'{0x00000000c742ffb8}> (0x00000000c742ffb8) 
thrown [s\open\src\hotspot\share\prims\jni.cpp, line 520]
Event: 39.271 Thread 0x000001936465de70 Exception <a 'sun/nio/fs/WindowsException'{0x00000000c74308f0}> (0x00000000c74308f0) 
thrown [s\open\src\hotspot\share\prims\jni.cpp, line 520]
Event: 39.271 Thread 0x000001936465de70 Exception <a 'sun/nio/fs/WindowsException'{0x00000000c7430f20}> (0x00000000c7430f20) 
thrown [s\open\src\hotspot\share\prims\jni.cpp, line 520]
Event: 39.273 Thread 0x0000019365ed6440 Exception <a 'sun/nio/fs/WindowsException'{0x00000000c7454068}> (0x00000000c7454068) 
thrown [s\open\src\hotspot\share\prims\jni.cpp, line 520]
Event: 39.273 Thread 0x0000019365ed6440 Exception <a 'sun/nio/fs/WindowsException'{0x00000000c7454698}> (0x00000000c7454698) 
thrown [s\open\src\hotspot\share\prims\jni.cpp, line 520]
Event: 39.320 Thread 0x0000019365ed6440 Exception <a 'java/lang/NoSuchMethodError'{0x00000000c74d4c28}: 'int java.lang.invoke.DelegatingMethodHandle$Holder.reinvoke_L(java.lang.Object, java.lang.Object, java.lang.Object, int, int)'> (0x00000000c74d4c28) 
thrown [s\open\src\hotspot\share\interpreter\linkResolver.cpp, line 773]
Event: 39.328 Thread 0x0000019365ed6440 Exception <a 'java/lang/NoSuchMethodError'{0x00000000c7326060}: 'java.lang.Object java.lang.invoke.DelegatingMethodHandle$Holder.reinvoke_L(java.lang.Object, java.lang.Object, java.lang.Object, java.lang.Object, java.lang.Object, int, java.lang.Object)'> (0x00000000c7326060) 
thrown [s\open\src\hotspot\share\interpreter\linkResolver.cpp, line 773]
Event: 39.361 Thread 0x0000019365ed6440 Exception <a 'java/lang/NoSuchMethodError'{0x00000000c73f8170}: 'void java.lang.invoke.DirectMethodHandle$Holder.invokeVirtual(java.lang.Object, java.lang.Object, java.lang.Object, int, java.lang.Object)'> (0x00000000c73f8170) 
thrown [s\open\src\hotspot\share\interpreter\linkResolver.cpp, line 773]
Event: 39.361 Thread 0x0000019365ed6440 Exception <a 'java/lang/NoSuchMethodError'{0x00000000c73fbcd0}: 'void java.lang.invoke.DelegatingMethodHandle$Holder.reinvoke_L(java.lang.Object, java.lang.Object, java.lang.Object, int, java.lang.Object)'> (0x00000000c73fbcd0) 
thrown [s\open\src\hotspot\share\interpreter\linkResolver.cpp, line 773]
Event: 39.365 Thread 0x0000019365ed6440 Exception <a 'java/lang/NoSuchMethodError'{0x00000000c721c138}: 'void java.lang.invoke.DelegatingMethodHandle$Holder.reinvoke_L(java.lang.Object, java.lang.Object, java.lang.Object, int, int, int)'> (0x00000000c721c138) 
thrown [s\open\src\hotspot\share\interpreter\linkResolver.cpp, line 773]
Event: 39.511 Thread 0x0000019365ed9230 Exception <a 'sun/nio/fs/WindowsException'{0x00000000c86db888}> (0x00000000c86db888) 
thrown [s\open\src\hotspot\share\prims\jni.cpp, line 520]
Event: 39.837 Thread 0x0000019365ed9230 Exception <a 'sun/nio/fs/WindowsException'{0x00000000c707f368}> (0x00000000c707f368) 
thrown [s\open\src\hotspot\share\prims\jni.cpp, line 520]
Event: 46.748 Thread 0x0000019365ed6ad0 Exception <a 'java/io/FileNotFoundException'{0x00000000c6f3ab90}> (0x00000000c6f3ab90) 
thrown [s\open\src\hotspot\share\prims\jni.cpp, line 520]

ZGC Phase Switch (0 events):
No events

VM Operations (20 events):
Event: 39.335 Executing VM operation: HandshakeAllThreads (Deoptimize)
Event: 39.335 Executing VM operation: HandshakeAllThreads (Deoptimize) done
Event: 39.346 Executing VM operation: HandshakeAllThreads (Deoptimize)
Event: 39.346 Executing VM operation: HandshakeAllThreads (Deoptimize) done
Event: 40.346 Executing VM operation: Cleanup
Event: 40.347 Executing VM operation: Cleanup done
Event: 44.347 Executing VM operation: Cleanup
Event: 44.347 Executing VM operation: Cleanup done
Event: 47.348 Executing VM operation: Cleanup
Event: 47.348 Executing VM operation: Cleanup done
Event: 50.349 Executing VM operation: Cleanup
Event: 50.349 Executing VM operation: Cleanup done
Event: 55.351 Executing VM operation: Cleanup
Event: 55.351 Executing VM operation: Cleanup done
Event: 60.217 Executing VM operation: HandshakeAllThreads (HandshakeForDeflation)
Event: 60.217 Executing VM operation: HandshakeAllThreads (HandshakeForDeflation) done
Event: 60.217 Executing VM operation: Cleanup
Event: 60.217 Executing VM operation: Cleanup done
Event: 60.217 Executing VM operation: RendezvousGCThreads
Event: 60.217 Executing VM operation: RendezvousGCThreads done

Events (20 events):
Event: 37.114 Thread 0x00000193414b8d20 flushing nmethod 0x0000019352d4e110
Event: 37.114 Thread 0x00000193414b8d20 flushing nmethod 0x0000019352d6d590
Event: 37.114 Thread 0x00000193414b8d20 flushing nmethod 0x0000019352cb8210
Event: 37.114 Thread 0x00000193414b8d20 flushing nmethod 0x0000019352d06f90
Event: 37.114 Thread 0x00000193414b8d20 flushing nmethod 0x0000019352ce4410
Event: 37.114 Thread 0x00000193414b8d20 flushing nmethod 0x0000019352ca8190
Event: 37.114 Thread 0x00000193414b8d20 flushing nmethod 0x0000019352c5ce90
Event: 37.114 Thread 0x00000193414b8d20 flushing nmethod 0x0000019352c4ae10
Event: 37.114 Thread 0x00000193414b8d20 flushing nmethod 0x0000019352bfe310
Event: 37.114 Thread 0x00000193414b8d20 flushing nmethod 0x0000019352bdf890
Event: 37.114 Thread 0x00000193414b8d20 flushing nmethod 0x0000019352bde190
Event: 37.114 Thread 0x00000193414b8d20 flushing nmethod 0x0000019352b6b690
Event: 37.514 Thread 0x0000019366ca4860 Thread added: 0x0000019366ca4860
Event: 39.369 Thread 0x0000019366ca41d0 Thread added: 0x0000019366ca41d0
Event: 40.522 Thread 0x0000019365ed4a00 Thread exited: 0x0000019365ed4a00
Event: 43.754 Thread 0x0000019365ed5db0 Thread exited: 0x0000019365ed5db0
Event: 46.768 Thread 0x0000019366ca1a70 Thread added: 0x0000019366ca1a70
Event: 46.775 Thread 0x0000019366ca4ef0 Thread added: 0x0000019366ca4ef0
Event: 51.771 Thread 0x0000019366ca1a70 Thread exited: 0x0000019366ca1a70
Event: 70.284 Thread 0x0000019366ca2100 Thread added: 0x0000019366ca2100


Dynamic libraries:
0x00007ff679360000 - 0x00007ff679370000 	C:\Program Files\Java\jdk-21\bin\javaw.exe
0x00007ff9fc610000 - 0x00007ff9fc808000 	C:\WINDOWS\SYSTEM32\ntdll.dll
0x00007ff9fad90000 - 0x00007ff9fae51000 	C:\WINDOWS\System32\KERNEL32.DLL
0x00007ff9f9ed0000 - 0x00007ff9fa1cd000 	C:\WINDOWS\System32\KERNELBASE.dll
0x00007ff9fa1d0000 - 0x00007ff9fa2d0000 	C:\WINDOWS\System32\ucrtbase.dll
0x00007ff9f5670000 - 0x00007ff9f568b000 	C:\Program Files\Java\jdk-21\bin\VCRUNTIME140.dll
0x00007ff9f55f0000 - 0x00007ff9f5609000 	C:\Program Files\Java\jdk-21\bin\jli.dll
0x00007ff9fbb00000 - 0x00007ff9fbbb0000 	C:\WINDOWS\System32\ADVAPI32.dll
0x00007ff9fab40000 - 0x00007ff9fabde000 	C:\WINDOWS\System32\msvcrt.dll
0x00007ff9fb710000 - 0x00007ff9fb7b0000 	C:\WINDOWS\System32\sechost.dll
0x00007ff9fa770000 - 0x00007ff9fa893000 	C:\WINDOWS\System32\RPCRT4.dll
0x00007ff9f9cc0000 - 0x00007ff9f9ce7000 	C:\WINDOWS\System32\bcrypt.dll
0x00007ff9fb810000 - 0x00007ff9fb9ad000 	C:\WINDOWS\System32\USER32.dll
0x00007ff9f9e10000 - 0x00007ff9f9e32000 	C:\WINDOWS\System32\win32u.dll
0x00007ff9fa8c0000 - 0x00007ff9fa8eb000 	C:\WINDOWS\System32\GDI32.dll
0x00007ff9f9cf0000 - 0x00007ff9f9e07000 	C:\WINDOWS\System32\gdi32full.dll
0x00007ff9fa340000 - 0x00007ff9fa3dd000 	C:\WINDOWS\System32\msvcp_win.dll
0x00007ff9efc10000 - 0x00007ff9efeaa000 	C:\WINDOWS\WinSxS\amd64_microsoft.windows.common-controls_6595b64144ccf1df_6.0.19041.4355_none_60b8b9eb71f62e16\COMCTL32.dll
0x00007ff9f13d0000 - 0x00007ff9f13da000 	C:\WINDOWS\SYSTEM32\VERSION.dll
0x00007ff9fbad0000 - 0x00007ff9fbaff000 	C:\WINDOWS\System32\IMM32.DLL
0x00007ff9f5660000 - 0x00007ff9f566c000 	C:\Program Files\Java\jdk-21\bin\vcruntime140_1.dll
0x00007ff9e3350000 - 0x00007ff9e33de000 	C:\Program Files\Java\jdk-21\bin\msvcp140.dll
0x00007ff9d4ab0000 - 0x00007ff9d57c5000 	C:\Program Files\Java\jdk-21\bin\server\jvm.dll
0x00007ff9fad20000 - 0x00007ff9fad8b000 	C:\WINDOWS\System32\WS2_32.dll
0x00007ff9f9b20000 - 0x00007ff9f9b6b000 	C:\WINDOWS\SYSTEM32\POWRPROF.dll
0x00007ff9efec0000 - 0x00007ff9efee7000 	C:\WINDOWS\SYSTEM32\WINMM.dll
0x00007ff9f9b00000 - 0x00007ff9f9b12000 	C:\WINDOWS\SYSTEM32\UMPDC.dll
0x00007ff9f7b20000 - 0x00007ff9f7b32000 	C:\WINDOWS\SYSTEM32\kernel.appcore.dll
0x00007ff9f3e70000 - 0x00007ff9f3e7a000 	C:\Program Files\Java\jdk-21\bin\jimage.dll
0x00007ff9eff00000 - 0x00007ff9f00e4000 	C:\WINDOWS\SYSTEM32\DBGHELP.DLL
0x00007ff9ef5c0000 - 0x00007ff9ef5f4000 	C:\WINDOWS\SYSTEM32\dbgcore.DLL
0x00007ff9f9e40000 - 0x00007ff9f9ec2000 	C:\WINDOWS\System32\bcryptPrimitives.dll
0x00007ff9f3e50000 - 0x00007ff9f3e6f000 	C:\Program Files\Java\jdk-21\bin\java.dll
0x00007ff9fae70000 - 0x00007ff9fb5df000 	C:\WINDOWS\System32\SHELL32.dll
0x00007ff9f7d20000 - 0x00007ff9f84c3000 	C:\WINDOWS\SYSTEM32\windows.storage.dll
0x00007ff9fc1d0000 - 0x00007ff9fc523000 	C:\WINDOWS\System32\combase.dll
0x00007ff9f9540000 - 0x00007ff9f956e000 	C:\WINDOWS\SYSTEM32\Wldp.dll
0x00007ff9faa70000 - 0x00007ff9fab3d000 	C:\WINDOWS\System32\OLEAUT32.dll
0x00007ff9fa8f0000 - 0x00007ff9fa99d000 	C:\WINDOWS\System32\SHCORE.dll
0x00007ff9facc0000 - 0x00007ff9fad15000 	C:\WINDOWS\System32\shlwapi.dll
0x00007ff9f9bf0000 - 0x00007ff9f9c14000 	C:\WINDOWS\SYSTEM32\profapi.dll
0x00007ff9dcd50000 - 0x00007ff9dce27000 	C:\Program Files\Java\jdk-21\bin\jsvml.dll
0x00007ff9f3de0000 - 0x00007ff9f3df0000 	C:\Program Files\Java\jdk-21\bin\net.dll
0x00007ff9f1750000 - 0x00007ff9f185d000 	C:\WINDOWS\SYSTEM32\WINHTTP.dll
0x00007ff9f9320000 - 0x00007ff9f938a000 	C:\WINDOWS\system32\mswsock.dll
0x00007ff9eeb80000 - 0x00007ff9eeb96000 	C:\Program Files\Java\jdk-21\bin\nio.dll
0x00007ff9ec3c0000 - 0x00007ff9ec3d8000 	C:\Program Files\Java\jdk-21\bin\zip.dll
0x00007ff9eec40000 - 0x00007ff9eec85000 	C:\Users\Administrator\.p2\pool\plugins\org.eclipse.equinox.launcher.win32.win32.x86_64_1.2.1300.v20250331-1702\eclipse_11911.dll
0x00007ff9fb5e0000 - 0x00007ff9fb70b000 	C:\WINDOWS\System32\ole32.dll
0x00007ff9f7610000 - 0x00007ff9f76ae000 	C:\WINDOWS\system32\uxtheme.dll
0x00007ff9fb9b0000 - 0x00007ff9fbac5000 	C:\WINDOWS\System32\MSCTF.dll
0x00007ff9fa640000 - 0x00007ff9fa6e9000 	C:\WINDOWS\System32\clbcatq.dll
0x00007ff9ec550000 - 0x00007ff9ec649000 	C:\WINDOWS\SYSTEM32\textinputframework.dll
0x00007ff9f6a70000 - 0x00007ff9f6dcb000 	C:\WINDOWS\System32\CoreUIComponents.dll
0x00007ff9f6dd0000 - 0x00007ff9f6ec2000 	C:\WINDOWS\System32\CoreMessaging.dll
0x00007ff9f8eb0000 - 0x00007ff9f8ee3000 	C:\WINDOWS\SYSTEM32\ntmarta.dll
0x00007ff9f63a0000 - 0x00007ff9f64f7000 	C:\WINDOWS\SYSTEM32\wintypes.dll
0x00007ff9f3dd0000 - 0x00007ff9f3de0000 	C:\Program Files\Java\jdk-21\bin\verify.dll
0x00007ff9eec30000 - 0x00007ff9eec3e000 	C:\Program Files\Java\jdk-21\bin\sunmscapi.dll
0x00007ff9fa4e0000 - 0x00007ff9fa63c000 	C:\WINDOWS\System32\CRYPT32.dll
0x00007ff9f9690000 - 0x00007ff9f96b9000 	C:\WINDOWS\SYSTEM32\ncrypt.dll
0x00007ff9f9650000 - 0x00007ff9f968b000 	C:\WINDOWS\SYSTEM32\NTASN1.dll
0x00007ff9f97b0000 - 0x00007ff9f97c2000 	C:\WINDOWS\SYSTEM32\MSASN1.dll
0x00007ff9f9580000 - 0x00007ff9f9598000 	C:\WINDOWS\SYSTEM32\CRYPTSP.dll
0x00007ff9f8c60000 - 0x00007ff9f8c94000 	C:\WINDOWS\system32\rsaenh.dll
0x00007ff9f94b0000 - 0x00007ff9f94bc000 	C:\WINDOWS\SYSTEM32\CRYPTBASE.dll
0x00007ff9f84e0000 - 0x00007ff9f8503000 	C:\WINDOWS\SYSTEM32\gpapi.dll
0x00007ff9f9b70000 - 0x00007ff9f9b9e000 	C:\WINDOWS\SYSTEM32\USERENV.dll
0x00007ff9f9020000 - 0x00007ff9f905b000 	C:\WINDOWS\SYSTEM32\IPHLPAPI.DLL
0x00007ff9fc5c0000 - 0x00007ff9fc5c8000 	C:\WINDOWS\System32\NSI.dll
0x00007ff9ec390000 - 0x00007ff9ec3b1000 	C:\Users\Administrator\eclipse\java-2025-06\eclipse\configuration\org.eclipse.osgi\423\0\.cp\swt-osversion-win32-4969r18.dll
0x00007ff9dea70000 - 0x00007ff9deb3a000 	C:\Users\Administrator\eclipse\java-2025-06\eclipse\configuration\org.eclipse.osgi\423\0\.cp\swt-win32-4969r18.dll
0x00007ff9fabe0000 - 0x00007ff9facba000 	C:\WINDOWS\System32\COMDLG32.dll
0x00007ff9e3580000 - 0x00007ff9e3624000 	C:\WINDOWS\SYSTEM32\WINSPOOL.DRV
0x00007ff9e0a90000 - 0x00007ff9e0af6000 	C:\WINDOWS\SYSTEM32\OLEACC.dll
0x00007ff9de770000 - 0x00007ff9de789000 	C:\WINDOWS\SYSTEM32\USP10.dll
0x00007ff9ef0e0000 - 0x00007ff9ef5b8000 	C:\WINDOWS\SYSTEM32\WININET.dll
0x00007ff9f4630000 - 0x00007ff9f4726000 	C:\WINDOWS\SYSTEM32\PROPSYS.dll
0x00007ff9ed4f0000 - 0x00007ff9ed6dc000 	C:\WINDOWS\SYSTEM32\urlmon.dll
0x00007ff9ec220000 - 0x00007ff9ec227000 	C:\WINDOWS\SYSTEM32\MSIMG32.dll
0x00007ff9f7940000 - 0x00007ff9f796f000 	C:\WINDOWS\SYSTEM32\dwmapi.dll
0x00007ff9ed1c0000 - 0x00007ff9ed47e000 	C:\WINDOWS\SYSTEM32\iertutil.dll
0x00007ff9ed480000 - 0x00007ff9ed4a8000 	C:\WINDOWS\SYSTEM32\srvcli.dll
0x00007ff9f9130000 - 0x00007ff9f913c000 	C:\WINDOWS\SYSTEM32\netutils.dll
0x00007ff9e3c40000 - 0x00007ff9e3c4d000 	C:\WINDOWS\SYSTEM32\LINKINFO.dll
0x00007ff9dec40000 - 0x00007ff9dedbe000 	C:\Windows\System32\TaskFlowDataEngine.dll
0x00007ff9e43b0000 - 0x00007ff9e4884000 	C:\Windows\System32\cdp.dll
0x00007ff9fa490000 - 0x00007ff9fa4de000 	C:\WINDOWS\System32\cfgmgr32.dll
0x00007ff9f15b0000 - 0x00007ff9f16f1000 	C:\Windows\System32\dsreg.dll
0x00007ff9f8cf0000 - 0x00007ff9f8d7a000 	C:\Windows\System32\msvcp110_win.dll
0x00007ff9e6090000 - 0x00007ff9e610f000 	C:\Windows\System32\OneCoreCommonProxyStub.dll
0x00007ff9e5060000 - 0x00007ff9e508c000 	C:\Users\Administrator\eclipse\java-2025-06\eclipse\configuration\org.eclipse.osgi\423\0\.cp\swt-gdip-win32-4969r18.dll
0x00007ff9d88a0000 - 0x00007ff9d8a45000 	C:\WINDOWS\WinSxS\amd64_microsoft.windows.gdiplus_6595b64144ccf1df_1.1.19041.4597_none_91a78020cc854124\gdiplus.dll
0x00007ff9f7420000 - 0x00007ff9f75d6000 	C:\WINDOWS\SYSTEM32\WindowsCodecs.dll
0x00007ff9ec190000 - 0x00007ff9ec1a7000 	C:\WINDOWS\system32\napinsp.dll
0x00007ff9ec0d0000 - 0x00007ff9ec0eb000 	C:\WINDOWS\system32\pnrpnsp.dll
0x00007ff9eba10000 - 0x00007ff9eba25000 	C:\WINDOWS\system32\wshbth.dll
0x00007ff9f3ca0000 - 0x00007ff9f3cbd000 	C:\WINDOWS\system32\NLAapi.dll
0x00007ff9f9060000 - 0x00007ff9f912a000 	C:\WINDOWS\SYSTEM32\DNSAPI.dll
0x00007ff9eb9f0000 - 0x00007ff9eba02000 	C:\WINDOWS\System32\winrnr.dll
0x00007ff9f0e00000 - 0x00007ff9f0e0a000 	C:\Windows\System32\rasadhlp.dll
0x00007ff9f1b70000 - 0x00007ff9f1bf0000 	C:\WINDOWS\System32\fwpuclnt.dll
0x00007ff9e3220000 - 0x00007ff9e3269000 	C:\Users\Administrator\AppData\Local\Temp\jna-146731693\jna5006923991057622568.dll
0x00007ff9faa00000 - 0x00007ff9faa08000 	C:\WINDOWS\System32\PSAPI.DLL
0x00007ff9f5530000 - 0x00007ff9f55dc000 	C:\WINDOWS\SYSTEM32\TextShaping.dll
0x00007ff9dcbc0000 - 0x00007ff9dcd4f000 	C:\Program Files\Java\jdk-21\bin\awt.dll
0x00007ff9f7080000 - 0x00007ff9f7114000 	C:\WINDOWS\SYSTEM32\apphelp.dll
0x00007ff9e3180000 - 0x00007ff9e31ca000 	C:\Program Files\Java\jdk-21\bin\javaaccessbridge.dll
0x00007ff9eeb70000 - 0x00007ff9eeb77000 	C:\Program Files\Java\jdk-21\bin\jawt.dll
0x00007ff9d7dc0000 - 0x00007ff9d7e3f000 	C:\Program Files\Java\jdk-21\bin\mlib_image.dll
0x00007ff9f2c00000 - 0x00007ff9f2c17000 	C:\WINDOWS\SYSTEM32\dhcpcsvc6.DLL
0x00007ff9f2be0000 - 0x00007ff9f2bfd000 	C:\WINDOWS\SYSTEM32\dhcpcsvc.DLL
0x00007ff9d7d30000 - 0x00007ff9d7db7000 	C:\Program Files\Java\jdk-21\bin\freetype.dll
0x00007ff9d7c50000 - 0x00007ff9d7d23000 	C:\Program Files\Java\jdk-21\bin\fontmanager.dll
0x00007ff9e06b0000 - 0x00007ff9e06ee000 	C:\WINDOWS\system32\dataexchange.dll
0x00007ff9f6500000 - 0x00007ff9f66e4000 	C:\WINDOWS\system32\dcomp.dll
0x00007ff9f5b70000 - 0x00007ff9f5dd3000 	C:\WINDOWS\system32\d3d11.dll
0x00007ff9f8510000 - 0x00007ff9f8606000 	C:\WINDOWS\system32\dxgi.dll
0x00007ff9f40c0000 - 0x00007ff9f42c3000 	C:\WINDOWS\system32\twinapi.appcore.dll
0x00007ff9ec380000 - 0x00007ff9ec38a000 	C:\Program Files\Java\jdk-21\bin\management.dll
0x00007ff9ec370000 - 0x00007ff9ec37b000 	C:\Program Files\Java\jdk-21\bin\management_ext.dll
0x00007ff9e0350000 - 0x00007ff9e05a5000 	C:\WINDOWS\system32\explorerframe.dll
0x00007ff9f5de0000 - 0x00007ff9f63a0000 	C:\WINDOWS\system32\d2d1.dll
0x00007ff9e7ee0000 - 0x00007ff9e815f000 	C:\WINDOWS\SYSTEM32\DWrite.dll
0x00007ff9e5660000 - 0x00007ff9e5677000 	C:\WINDOWS\system32\NetworkExplorer.dll
0x00007ff9ed4b0000 - 0x00007ff9ed4cd000 	C:\WINDOWS\SYSTEM32\MPR.dll
0x00007ff9e5630000 - 0x00007ff9e5659000 	C:\WINDOWS\System32\p9np.dll
0x00007ff9ed6e0000 - 0x00007ff9ed711000 	C:\Program Files (x86)\WinFsp\bin\winfsp-x64.dll

dbghelp: loaded successfully - version: 4.0.5 - missing functions: none
symbol engine: initialized successfully - sym options: 0x614 - pdb path: .;C:\Program Files\Java\jdk-21\bin;C:\WINDOWS\SYSTEM32;C:\WINDOWS\WinSxS\amd64_microsoft.windows.common-controls_6595b64144ccf1df_6.0.19041.4355_none_60b8b9eb71f62e16;C:\Program Files\Java\jdk-21\bin\server;C:\Users\Administrator\.p2\pool\plugins\org.eclipse.equinox.launcher.win32.win32.x86_64_1.2.1300.v20250331-1702;C:\Users\Administrator\eclipse\java-2025-06\eclipse\configuration\org.eclipse.osgi\423\0\.cp;C:\WINDOWS\WinSxS\amd64_microsoft.windows.gdiplus_6595b64144ccf1df_1.1.19041.4597_none_91a78020cc854124;C:\Users\Administrator\AppData\Local\Temp\jna-146731693;C:\Program Files (x86)\WinFsp\bin

VM Arguments:
jvm_args: -XX:CompileCommand=exclude org.eclipse.jdt.internal.core.dom.rewrite.ASTRewriteAnalyzer::getExtendedRange -Dorg.eclipse.ecf.provider.filetransfer.excludeContributors=org.eclipse.ecf.provider.filetransfer.httpclientjava -Dosgi.requiredJavaVersion=21 -Dosgi.instance.area.default=@user.home/eclipse-workspace -Dosgi.dataAreaRequiresExplicitInit=true -Dorg.eclipse.swt.graphics.Resource.reportNonDisposed=true -Declipse.e4.inject.javax.warning=false -XX:+UseG1GC -XX:+UseStringDeduplication --add-modules=ALL-SYSTEM -Djavax.net.ssl.trustStoreType=Windows-ROOT -Djavax.net.ssl.trustStore=NONE -Declipse.p2.max.threads=10 -Doomph.update.url=https://download.eclipse.org/oomph/updates/milestone/latest -Doomph.redirection.index.redirection=index:/->https://raw.githubusercontent.com/eclipse-oomph/oomph/master/setups/ 
java_command: C:\\Users\\Administrator\\eclipse\\java-2025-06\\eclipse\\\\plugins/org.eclipse.equinox.launcher_1.7.0.v20250519-0528.jar -os win32 -ws win32 -arch x86_64 -showsplash C:\\Users\\Administrator\\.p2\\pool\\plugins\\org.eclipse.epp.package.common_4.36.0.20250605-1300\\splash.bmp -launcher C:\\Users\\Administrator\\eclipse\\java-2025-06\\eclipse\\eclipse.exe -name Eclipse --launcher.library C:\\Users\\Administrator\\.p2\\pool\\plugins\\org.eclipse.equinox.launcher.win32.win32.x86_64_1.2.1300.v20250331-1702\\eclipse_11911.dll -startup C:\\Users\\Administrator\\eclipse\\java-2025-06\\eclipse\\\\plugins/org.eclipse.equinox.launcher_1.7.0.v20250519-0528.jar --launcher.appendVmargs -exitdata 1974_160 -product org.eclipse.epp.package.java.product -vm C:\\Program Files\\Common Files\\Oracle\\Java\\javapath\\javaw.exe -vmargs -XX:CompileCommand=exclude org.eclipse.jdt.internal.core.dom.rewrite.ASTRewriteAnalyzer::getExtendedRange -Dorg.eclipse.ecf.provider.filetransfer.excludeContributors=org.eclipse.ecf.provider.filetransfer.httpclientjava -Dosgi.requiredJavaVersion=21 -Dosgi.instance.area.default=@user.home/eclipse-workspace -Dosgi.dataAreaRequiresExplicitInit=true -Dorg.eclipse.swt.graphics.Resource.reportNonDisposed=true -Declipse.e4.inject.javax.warning=false -Dsun.java.command=Eclipse -XX:+UseG1GC -XX:+UseStringDeduplication --add-modules=ALL-SYSTEM -Djavax.net.ssl.trustStoreType=Windows-ROOT -Djavax.net.ssl.trustStore=NONE -Declipse.p2.max.threads=10 -Doomph.update.url=https://download.eclipse.org/oomph/updates/milestone/latest -Doomph.redirection.index.redirection=index:/->https://raw.githubusercontent.com/eclipse-oomph/oomph/master/setups/ -jar C:\\Users\\Administrator\\eclipse\\java-2025-06\\eclipse\\\\plugins/org.eclipse.equinox.launcher_1.7.0.v20250519-0528.jar
java_class_path (initial): C:\\Users\\Administrator\\eclipse\\java-2025-06\\eclipse\\\\plugins/org.eclipse.equinox.launcher_1.7.0.v20250519-0528.jar
Launcher Type: SUN_STANDARD

[Global flags]
     intx CICompilerCount                          = 2                                         {product} {ergonomic}
ccstrlist CompileCommand                           = exclude org.eclipse.jdt.internal.core.dom.rewrite.ASTRewriteAnalyzer::getExtendedRange            {product} {command line}
     uint ConcGCThreads                            = 1                                         {product} {ergonomic}
     uint G1ConcRefinementThreads                  = 2                                         {product} {ergonomic}
   size_t G1HeapRegionSize                         = 1048576                                   {product} {ergonomic}
    uintx GCDrainStackTargetSize                   = 64                                        {product} {ergonomic}
   size_t InitialHeapSize                          = 67108864                                  {product} {ergonomic}
   size_t MarkStackSize                            = 4194304                                   {product} {ergonomic}
   size_t MaxHeapSize                              = 1073741824                                {product} {ergonomic}
   size_t MaxNewSize                               = 643825664                                 {product} {ergonomic}
   size_t MinHeapDeltaBytes                        = 1048576                                   {product} {ergonomic}
   size_t MinHeapSize                              = 8388608                                   {product} {ergonomic}
    uintx NonNMethodCodeHeapSize                   = 5826188                                {pd product} {ergonomic}
    uintx NonProfiledCodeHeapSize                  = 122916026                              {pd product} {ergonomic}
    uintx ProfiledCodeHeapSize                     = 122916026                              {pd product} {ergonomic}
    uintx ReservedCodeCacheSize                    = 251658240                              {pd product} {ergonomic}
     bool SegmentedCodeCache                       = true                                      {product} {ergonomic}
   size_t SoftMaxHeapSize                          = 1073741824                             {manageable} {ergonomic}
     bool UseCompressedOops                        = true                           {product lp64_product} {ergonomic}
     bool UseG1GC                                  = true                                      {product} {command line}
     bool UseLargePagesIndividualAllocation        = false                                  {pd product} {ergonomic}
     bool UseStringDeduplication                   = true                                      {product} {command line}

Logging:
Log output configuration:
 #0: stdout all=warning uptime,level,tags foldmultilines=false
 #1: stderr all=off uptime,level,tags foldmultilines=false

Environment Variables:
JAVA_HOME=C:\Program Files\Java\jdk-21
PATH=C:\Program Files\Common Files\Oracle\Java\javapath;C:\WINDOWS\system32;C:\WINDOWS;C:\WINDOWS\System32\Wbem;C:\WINDOWS\System32\WindowsPowerShell\v1.0\;C:\WINDOWS\System32\OpenSSH\;C:\ProgramData\chocolatey\bin;C:\Program Files\OpenSSH-Win64;C:\Program Files\Microsoft VS Code\bin;C:\Program Files\Git\cmd;C:\Program Files\Go\bin;C:\Program Files\Amazon\AWSCLIV2\;C:\Users\Administrator\CMDS3\;C:\Program Files\Java\jdk-17.0.5;C:\Program Files\Java\jdk-21\bin\javaw.exe;C:\Program Files\dotnet\;C:\Program Files\nodejs\;C:\Program Files\Docker\Docker\resources\bin;C:\Program Files\apache-maven-3.9.9\bin;C:\Program Files\MongoDB\Server\8.0\bin;C:\Users\Administrator\AppData\Local\Programs\Python\Python39\Scripts\;C:\Users\Administrator\AppData\Local\Programs\Python\Python39\;C:\Program Files\Java\jdk-16.0.2\bin;C:\Users\Administrator\go\bin;C:\Program Files\JetBrains\IntelliJ IDEA Community Edition 2023.2.5\bin;;C:\Users\Administrator\AppData\Roaming\npm;C:\Users\Administrator\AppData\Local\Microsoft\WindowsApps;
USERNAME=Administrator
OS=Windows_NT
PROCESSOR_IDENTIFIER=Intel64 Family 6 Model 79 Stepping 1, GenuineIntel
TMP=C:\Users\ADMINI~1\AppData\Local\Temp
TEMP=C:\Users\ADMINI~1\AppData\Local\Temp




Periodic native trim disabled

---------------  S Y S T E M  ---------------

OS:
 Windows 10 , 64 bit Build 19041 (10.0.19041.4842)
OS uptime: 0 days 0:57 hours
Hyper-V role detected

CPU: total 2 (initial active 2) (1 cores per cpu, 1 threads per core) family 6 model 79 stepping 1 microcode 0xb000040, cx8, cmov, fxsr, mmx, 3dnowpref, sse, sse2, sse3, ssse3, sse4.1, sse4.2, popcnt, lzcnt, tsc, tscinvbit, avx, avx2, aes, erms, clmul, bmi1, bmi2, adx, fma, vzeroupper, clflush, hv, rdtscp, f16c
Processor Information for all 2 processors :
  Max Mhz: 2200, Current Mhz: 2200, Mhz Limit: 2200

Memory: 4k page, system-wide physical 4095M (292M free)
TotalPageFile size 12337M (AvailPageFile size 0M)
current process WorkingSet (physical memory assigned to process): 501M, peak: 526M
current process commit charge ("private bytes"): 521M, peak: 546M

vm_info: Java HotSpot(TM) 64-Bit Server VM (21.0.1+12-LTS-29) for windows-amd64 JRE (21.0.1+12-LTS-29), built on 2023-10-05T13:27:09Z by "mach5one" with MS VC++ 17.1 (VS2022)

END.
